<?xml version="1.0" encoding="UTF-8"?>
<testsuites name="jest tests" tests="59" failures="0" errors="0" time="15.092">
  <testsuite name="Revoke All Devices" errors="0" failures="0" skipped="0" timestamp="2026-02-24T18:20:25" time="12.667" tests="4">
    <testcase classname="Revoke All Devices should be able to revoke all devices from a user" name="Revoke All Devices should be able to revoke all devices from a user" time="0.041">
    </testcase>
    <testcase classname="Revoke All Devices should be able to revoke all refresh tokens from a user" name="Revoke All Devices should be able to revoke all refresh tokens from a user" time="0.004">
    </testcase>
    <testcase classname="Revoke All Devices should not be able to revoke devices when user does not exist" name="Revoke All Devices should not be able to revoke devices when user does not exist" time="0.001">
    </testcase>
    <testcase classname="Revoke All Devices should not fail when user has no devices" name="Revoke All Devices should not fail when user has no devices" time="0">
    </testcase>
  </testsuite>
  <testsuite name="Check User Permission" errors="0" failures="0" skipped="0" timestamp="2026-02-24T18:20:25" time="12.698" tests="5">
    <testcase classname="Check User Permission should return true when user has the required permission" name="Check User Permission should return true when user has the required permission" time="0.02">
    </testcase>
    <testcase classname="Check User Permission should return false when user does not have the required permission" name="Check User Permission should return false when user does not have the required permission" time="0.002">
    </testcase>
    <testcase classname="Check User Permission should return false when user has no roles assigned" name="Check User Permission should return false when user has no roles assigned" time="0.001">
    </testcase>
    <testcase classname="Check User Permission should return error when user does not exist" name="Check User Permission should return error when user does not exist" time="0">
    </testcase>
    <testcase classname="Check User Permission should handle user with multiple roles and permissions" name="Check User Permission should handle user with multiple roles and permissions" time="0">
    </testcase>
  </testsuite>
  <testsuite name="Revoke User Device" errors="0" failures="0" skipped="0" timestamp="2026-02-24T18:20:25" time="12.762" tests="4">
    <testcase classname="Revoke User Device should be able to revoke a specific device from user" name="Revoke User Device should be able to revoke a specific device from user" time="0.016">
    </testcase>
    <testcase classname="Revoke User Device should be able to revoke refresh tokens associated with the device" name="Revoke User Device should be able to revoke refresh tokens associated with the device" time="0.001">
    </testcase>
    <testcase classname="Revoke User Device should not be able to revoke device when device does not exist" name="Revoke User Device should not be able to revoke device when device does not exist" time="0.005">
    </testcase>
    <testcase classname="Revoke User Device should not be able to revoke device when user is not the owner" name="Revoke User Device should not be able to revoke device when user is not the owner" time="0.011">
    </testcase>
  </testsuite>
  <testsuite name="Revoke Device Session" errors="0" failures="0" skipped="0" timestamp="2026-02-24T18:20:25" time="12.731" tests="4">
    <testcase classname="Revoke Device Session should be able to revoke session of a specific device" name="Revoke Device Session should be able to revoke session of a specific device" time="0.012">
    </testcase>
    <testcase classname="Revoke Device Session should be able to revoke refresh tokens of the device" name="Revoke Device Session should be able to revoke refresh tokens of the device" time="0.001">
    </testcase>
    <testcase classname="Revoke Device Session should not be able to revoke session when device does not exist" name="Revoke Device Session should not be able to revoke session when device does not exist" time="0.001">
    </testcase>
    <testcase classname="Revoke Device Session should not be able to revoke session when user is not the device owner" name="Revoke Device Session should not be able to revoke session when user is not the device owner" time="0">
    </testcase>
  </testsuite>
  <testsuite name="Remove Role From User" errors="0" failures="0" skipped="0" timestamp="2026-02-24T18:20:25" time="12.831" tests="4">
    <testcase classname="Remove Role From User should be able to remove role from user" name="Remove Role From User should be able to remove role from user" time="0.012">
    </testcase>
    <testcase classname="Remove Role From User should not be able to remove role from non-existent user" name="Remove Role From User should not be able to remove role from non-existent user" time="0.001">
    </testcase>
    <testcase classname="Remove Role From User should not be able to remove non-existent role" name="Remove Role From User should not be able to remove non-existent role" time="0">
    </testcase>
    <testcase classname="Remove Role From User should remove role association even if user has no roles" name="Remove Role From User should remove role association even if user has no roles" time="0.001">
    </testcase>
  </testsuite>
  <testsuite name="Refresh Access Token" errors="0" failures="0" skipped="0" timestamp="2026-02-24T18:20:25" time="12.846" tests="5">
    <testcase classname="Refresh Access Token should be able to refresh access token with valid refresh token" name="Refresh Access Token should be able to refresh access token with valid refresh token" time="0.057">
    </testcase>
    <testcase classname="Refresh Access Token should not be able to refresh access token with non-existent refresh token" name="Refresh Access Token should not be able to refresh access token with non-existent refresh token" time="0.002">
    </testcase>
    <testcase classname="Refresh Access Token should not be able to refresh access token with expired refresh token" name="Refresh Access Token should not be able to refresh access token with expired refresh token" time="0.001">
    </testcase>
    <testcase classname="Refresh Access Token should not be able to refresh access token with revoked refresh token" name="Refresh Access Token should not be able to refresh access token with revoked refresh token" time="0.002">
    </testcase>
    <testcase classname="Refresh Access Token should not be able to refresh access token when user does not exist" name="Refresh Access Token should not be able to refresh access token when user does not exist" time="0.001">
    </testcase>
  </testsuite>
  <testsuite name="Authenticate Device" errors="0" failures="0" skipped="0" timestamp="2026-02-24T18:20:25" time="12.969" tests="5">
    <testcase classname="Authenticate Device should be able to authenticate a device with valid credentials" name="Authenticate Device should be able to authenticate a device with valid credentials" time="0.01">
    </testcase>
    <testcase classname="Authenticate Device should not authenticate with wrong password" name="Authenticate Device should not authenticate with wrong password" time="0.001">
    </testcase>
    <testcase classname="Authenticate Device should not authenticate non-existent user" name="Authenticate Device should not authenticate non-existent user" time="0">
    </testcase>
    <testcase classname="Authenticate Device should reuse existing device if same browser and OS" name="Authenticate Device should reuse existing device if same browser and OS" time="0.001">
    </testcase>
    <testcase classname="Authenticate Device should create new device if browser or OS differs" name="Authenticate Device should create new device if browser or OS differs" time="0.001">
    </testcase>
  </testsuite>
  <testsuite name="Delete User" errors="0" failures="0" skipped="0" timestamp="2026-02-24T18:20:38" time="0.845" tests="3">
    <testcase classname="Delete User should be able to delete a user" name="Delete User should be able to delete a user" time="0.001">
    </testcase>
    <testcase classname="Delete User should not be able to delete a non-existent user" name="Delete User should not be able to delete a non-existent user" time="0">
    </testcase>
    <testcase classname="Delete User should remove all user roles when deleting user" name="Delete User should remove all user roles when deleting user" time="0.001">
    </testcase>
  </testsuite>
  <testsuite name="Get User By Id" errors="0" failures="0" skipped="0" timestamp="2026-02-24T18:20:38" time="0.925" tests="2">
    <testcase classname="Get User By Id should be able to get a user by id" name="Get User By Id should be able to get a user by id" time="0.001">
    </testcase>
    <testcase classname="Get User By Id should not be able to get a non-existent user" name="Get User By Id should not be able to get a non-existent user" time="0">
    </testcase>
  </testsuite>
  <testsuite name="Create User" errors="0" failures="0" skipped="0" timestamp="2026-02-24T18:20:38" time="1.065" tests="2">
    <testcase classname="Create User should be able to create a new user" name="Create User should be able to create a new user" time="0.003">
    </testcase>
    <testcase classname="Create User should not be able to create a user with same email twice" name="Create User should not be able to create a user with same email twice" time="0.009">
    </testcase>
  </testsuite>
  <testsuite name="Create Permission" errors="0" failures="0" skipped="0" timestamp="2026-02-24T18:20:38" time="1.236" tests="3">
    <testcase classname="Create Permission should be able to create a new permission" name="Create Permission should be able to create a new permission" time="0.002">
    </testcase>
    <testcase classname="Create Permission should create permission with auto-generated slug" name="Create Permission should create permission with auto-generated slug" time="0.001">
    </testcase>
    <testcase classname="Create Permission should not be able to create permission with same resource and action" name="Create Permission should not be able to create permission with same resource and action" time="0.001">
    </testcase>
  </testsuite>
  <testsuite name="Validate Token" errors="0" failures="0" skipped="0" timestamp="2026-02-24T18:20:38" time="1.275" tests="7">
    <testcase classname="Validate Token should be able to validate a valid token" name="Validate Token should be able to validate a valid token" time="0.003">
    </testcase>
    <testcase classname="Validate Token should not be able to validate an invalid token" name="Validate Token should not be able to validate an invalid token" time="0.001">
    </testcase>
    <testcase classname="Validate Token should not be able to validate an expired token" name="Validate Token should not be able to validate an expired token" time="0.001">
    </testcase>
    <testcase classname="Validate Token should not be able to validate a malformed token" name="Validate Token should not be able to validate a malformed token" time="0.001">
    </testcase>
    <testcase classname="Validate Token should not be able to validate a refresh token" name="Validate Token should not be able to validate a refresh token" time="0.003">
    </testcase>
    <testcase classname="Validate Token should not be able to validate token without sub" name="Validate Token should not be able to validate token without sub" time="0">
    </testcase>
    <testcase classname="Validate Token should not be able to validate token for non-existent user" name="Validate Token should not be able to validate token for non-existent user" time="0.001">
    </testcase>
  </testsuite>
  <testsuite name="List Permissions" errors="0" failures="0" skipped="0" timestamp="2026-02-24T18:20:38" time="1.113" tests="2">
    <testcase classname="List Permissions should be able to list all permissions" name="List Permissions should be able to list all permissions" time="0.004">
    </testcase>
    <testcase classname="List Permissions should return empty array when no permissions exist" name="List Permissions should return empty array when no permissions exist" time="0">
    </testcase>
  </testsuite>
  <testsuite name="Assign Role to User" errors="0" failures="0" skipped="0" timestamp="2026-02-24T18:20:38" time="1.336" tests="3">
    <testcase classname="Assign Role to User should be able to assign a role to a user" name="Assign Role to User should be able to assign a role to a user" time="0.001">
    </testcase>
    <testcase classname="Assign Role to User should not be able to assign role to non-existent user" name="Assign Role to User should not be able to assign role to non-existent user" time="0">
    </testcase>
    <testcase classname="Assign Role to User should not be able to assign non-existent role to user" name="Assign Role to User should not be able to assign non-existent role to user" time="0.001">
    </testcase>
  </testsuite>
  <testsuite name="List Roles" errors="0" failures="0" skipped="0" timestamp="2026-02-24T18:20:39" time="0.451" tests="2">
    <testcase classname="List Roles should be able to list all roles" name="List Roles should be able to list all roles" time="0.001">
    </testcase>
    <testcase classname="List Roles should return empty array when no roles exist" name="List Roles should return empty array when no roles exist" time="0.001">
    </testcase>
  </testsuite>
  <testsuite name="Create Role" errors="0" failures="0" skipped="0" timestamp="2026-02-24T18:20:39" time="0.449" tests="4">
    <testcase classname="Create Role should be able to create a new role" name="Create Role should be able to create a new role" time="0.001">
    </testcase>
    <testcase classname="Create Role should create role with auto-generated slug" name="Create Role should create role with auto-generated slug" time="0">
    </testcase>
    <testcase classname="Create Role should not be able to create a role with same name" name="Create Role should not be able to create a role with same name" time="0.001">
    </testcase>
    <testcase classname="Create Role should not be able to create a role with same slug" name="Create Role should not be able to create a role with same slug" time="0">
    </testcase>
  </testsuite>
</testsuites>