{"/Users/pedroalves/Documents/nerv3/micro/auth-min/src/core/either.ts": {"path":"/Users/pedroalves/Documents/nerv3/micro/auth-min/src/core/either.ts","statementMap":{"0":{"start":{"line":6,"column":4},"end":{"line":6,"column":null}},"1":{"start":{"line":10,"column":4},"end":{"line":10,"column":null}},"2":{"start":{"line":14,"column":4},"end":{"line":14,"column":null}},"3":{"start":{"line":2,"column":0},"end":{"line":2,"column":13}},"4":{"start":{"line":23,"column":4},"end":{"line":23,"column":null}},"5":{"start":{"line":27,"column":4},"end":{"line":27,"column":null}},"6":{"start":{"line":31,"column":4},"end":{"line":31,"column":null}},"7":{"start":{"line":19,"column":0},"end":{"line":19,"column":13}},"8":{"start":{"line":37,"column":20},"end":{"line":39,"column":1}},"9":{"start":{"line":38,"column":2},"end":{"line":38,"column":null}},"10":{"start":{"line":37,"column":13},"end":{"line":37,"column":20}},"11":{"start":{"line":41,"column":21},"end":{"line":43,"column":1}},"12":{"start":{"line":42,"column":2},"end":{"line":42,"column":null}},"13":{"start":{"line":41,"column":13},"end":{"line":41,"column":21}}},"fnMap":{"0":{"name":"(anonymous_0)","decl":{"start":{"line":5,"column":2},"end":{"line":5,"column":14}},"loc":{"start":{"line":5,"column":22},"end":{"line":7,"column":3}}},"1":{"name":"(anonymous_1)","decl":{"start":{"line":9,"column":2},"end":{"line":9,"column":9}},"loc":{"start":{"line":9,"column":9},"end":{"line":11,"column":3}}},"2":{"name":"(anonymous_2)","decl":{"start":{"line":13,"column":2},"end":{"line":13,"column":8}},"loc":{"start":{"line":13,"column":8},"end":{"line":15,"column":3}}},"3":{"name":"(anonymous_3)","decl":{"start":{"line":22,"column":2},"end":{"line":22,"column":14}},"loc":{"start":{"line":22,"column":22},"end":{"line":24,"column":3}}},"4":{"name":"(anonymous_4)","decl":{"start":{"line":26,"column":2},"end":{"line":26,"column":9}},"loc":{"start":{"line":26,"column":9},"end":{"line":28,"column":3}}},"5":{"name":"(anonymous_5)","decl":{"start":{"line":30,"column":2},"end":{"line":30,"column":8}},"loc":{"start":{"line":30,"column":8},"end":{"line":32,"column":3}}},"6":{"name":"(anonymous_6)","decl":{"start":{"line":37,"column":20},"end":{"line":37,"column":27}},"loc":{"start":{"line":37,"column":53},"end":{"line":39,"column":1}}},"7":{"name":"(anonymous_7)","decl":{"start":{"line":41,"column":21},"end":{"line":41,"column":28}},"loc":{"start":{"line":41,"column":54},"end":{"line":43,"column":1}}}},"branchMap":{},"s":{"0":28,"1":0,"2":28,"3":16,"4":35,"5":56,"6":0,"7":16,"8":16,"9":28,"10":16,"11":16,"12":35,"13":16},"f":{"0":28,"1":0,"2":28,"3":35,"4":56,"5":0,"6":28,"7":35},"b":{}}
,"/Users/pedroalves/Documents/nerv3/micro/auth-min/src/core/entities/aggregate-root.ts": {"path":"/Users/pedroalves/Documents/nerv3/micro/auth-min/src/core/entities/aggregate-root.ts","statementMap":{"0":{"start":{"line":2,"column":0},"end":{"line":2,"column":54}},"1":{"start":{"line":3,"column":0},"end":{"line":3,"column":33}},"2":{"start":{"line":6,"column":10},"end":{"line":6,"column":null}},"3":{"start":{"line":9,"column":4},"end":{"line":9,"column":null}},"4":{"start":{"line":13,"column":4},"end":{"line":13,"column":null}},"5":{"start":{"line":14,"column":4},"end":{"line":14,"column":null}},"6":{"start":{"line":18,"column":4},"end":{"line":18,"column":null}},"7":{"start":{"line":5,"column":0},"end":{"line":5,"column":22}}},"fnMap":{"0":{"name":"(anonymous_0)","decl":{"start":{"line":5,"column":0},"end":{"line":5,"column":22}},"loc":{"start":{"line":5,"column":0},"end":{"line":20,"column":1}}},"1":{"name":"(anonymous_1)","decl":{"start":{"line":8,"column":2},"end":{"line":8,"column":6}},"loc":{"start":{"line":8,"column":18},"end":{"line":10,"column":3}}},"2":{"name":"(anonymous_2)","decl":{"start":{"line":12,"column":12},"end":{"line":12,"column":26}},"loc":{"start":{"line":12,"column":51},"end":{"line":15,"column":3}}},"3":{"name":"(anonymous_3)","decl":{"start":{"line":17,"column":9},"end":{"line":17,"column":20}},"loc":{"start":{"line":17,"column":20},"end":{"line":19,"column":3}}}},"branchMap":{},"s":{"0":0,"1":0,"2":0,"3":0,"4":0,"5":0,"6":0,"7":0},"f":{"0":0,"1":0,"2":0,"3":0},"b":{}}
,"/Users/pedroalves/Documents/nerv3/micro/auth-min/src/core/entities/entity.ts": {"path":"/Users/pedroalves/Documents/nerv3/micro/auth-min/src/core/entities/entity.ts","statementMap":{"0":{"start":{"line":1,"column":0},"end":{"line":1,"column":51}},"1":{"start":{"line":8,"column":4},"end":{"line":8,"column":null}},"2":{"start":{"line":12,"column":4},"end":{"line":12,"column":null}},"3":{"start":{"line":13,"column":4},"end":{"line":13,"column":null}},"4":{"start":{"line":18,"column":4},"end":{"line":20,"column":5}},"5":{"start":{"line":19,"column":6},"end":{"line":19,"column":null}},"6":{"start":{"line":22,"column":4},"end":{"line":24,"column":5}},"7":{"start":{"line":23,"column":6},"end":{"line":23,"column":null}},"8":{"start":{"line":26,"column":4},"end":{"line":26,"column":null}},"9":{"start":{"line":3,"column":0},"end":{"line":3,"column":22}}},"fnMap":{"0":{"name":"(anonymous_0)","decl":{"start":{"line":7,"column":2},"end":{"line":7,"column":6}},"loc":{"start":{"line":7,"column":8},"end":{"line":9,"column":3}}},"1":{"name":"(anonymous_1)","decl":{"start":{"line":11,"column":2},"end":{"line":11,"column":24}},"loc":{"start":{"line":11,"column":57},"end":{"line":14,"column":3}}},"2":{"name":"(anonymous_2)","decl":{"start":{"line":17,"column":9},"end":{"line":17,"column":15}},"loc":{"start":{"line":17,"column":35},"end":{"line":27,"column":3}}}},"branchMap":{"0":{"loc":{"start":{"line":13,"column":15},"end":{"line":13,"column":41}},"type":"binary-expr","locations":[{"start":{"line":13,"column":15},"end":{"line":13,"column":17}},{"start":{"line":13,"column":21},"end":{"line":13,"column":41}}]},"1":{"loc":{"start":{"line":18,"column":4},"end":{"line":20,"column":5}},"type":"if","locations":[{"start":{"line":18,"column":4},"end":{"line":20,"column":5}},{"start":{},"end":{}}]},"2":{"loc":{"start":{"line":22,"column":4},"end":{"line":24,"column":5}},"type":"if","locations":[{"start":{"line":22,"column":4},"end":{"line":24,"column":5}},{"start":{},"end":{}}]}},"s":{"0":16,"1":229,"2":101,"3":101,"4":0,"5":0,"6":0,"7":0,"8":0,"9":16},"f":{"0":229,"1":101,"2":0},"b":{"0":[101,97],"1":[0,0],"2":[0,0]}}
,"/Users/pedroalves/Documents/nerv3/micro/auth-min/src/core/entities/unique-entity-id.ts": {"path":"/Users/pedroalves/Documents/nerv3/micro/auth-min/src/core/entities/unique-entity-id.ts","statementMap":{"0":{"start":{"line":1,"column":0},"end":{"line":1,"column":40}},"1":{"start":{"line":7,"column":4},"end":{"line":7,"column":null}},"2":{"start":{"line":11,"column":4},"end":{"line":11,"column":null}},"3":{"start":{"line":15,"column":4},"end":{"line":15,"column":null}},"4":{"start":{"line":19,"column":4},"end":{"line":19,"column":null}},"5":{"start":{"line":3,"column":0},"end":{"line":3,"column":13}}},"fnMap":{"0":{"name":"(anonymous_0)","decl":{"start":{"line":6,"column":2},"end":{"line":6,"column":10}},"loc":{"start":{"line":6,"column":10},"end":{"line":8,"column":3}}},"1":{"name":"(anonymous_1)","decl":{"start":{"line":10,"column":2},"end":{"line":10,"column":9}},"loc":{"start":{"line":10,"column":9},"end":{"line":12,"column":3}}},"2":{"name":"(anonymous_2)","decl":{"start":{"line":14,"column":2},"end":{"line":14,"column":14}},"loc":{"start":{"line":14,"column":28},"end":{"line":16,"column":3}}},"3":{"name":"(anonymous_3)","decl":{"start":{"line":18,"column":9},"end":{"line":18,"column":15}},"loc":{"start":{"line":18,"column":34},"end":{"line":20,"column":3}}}},"branchMap":{"0":{"loc":{"start":{"line":15,"column":17},"end":{"line":15,"column":38}},"type":"binary-expr","locations":[{"start":{"line":15,"column":17},"end":{"line":15,"column":22}},{"start":{"line":15,"column":26},"end":{"line":15,"column":38}}]}},"s":{"0":16,"1":176,"2":0,"3":156,"4":0,"5":16},"f":{"0":176,"1":0,"2":156,"3":0},"b":{"0":[156,97]}}
,"/Users/pedroalves/Documents/nerv3/micro/auth-min/src/core/entities/watched-list.ts": {"path":"/Users/pedroalves/Documents/nerv3/micro/auth-min/src/core/entities/watched-list.ts","statementMap":{"0":{"start":{"line":8,"column":4},"end":{"line":8,"column":null}},"1":{"start":{"line":9,"column":4},"end":{"line":9,"column":null}},"2":{"start":{"line":10,"column":4},"end":{"line":10,"column":null}},"3":{"start":{"line":11,"column":4},"end":{"line":11,"column":null}},"4":{"start":{"line":17,"column":4},"end":{"line":17,"column":null}},"5":{"start":{"line":21,"column":4},"end":{"line":21,"column":null}},"6":{"start":{"line":25,"column":4},"end":{"line":25,"column":null}},"7":{"start":{"line":29,"column":4},"end":{"line":29,"column":null}},"8":{"start":{"line":29,"column":46},"end":{"line":29,"column":72}},"9":{"start":{"line":33,"column":4},"end":{"line":33,"column":null}},"10":{"start":{"line":33,"column":37},"end":{"line":33,"column":63}},"11":{"start":{"line":37,"column":4},"end":{"line":37,"column":null}},"12":{"start":{"line":37,"column":41},"end":{"line":37,"column":67}},"13":{"start":{"line":41,"column":4},"end":{"line":41,"column":null}},"14":{"start":{"line":41,"column":36},"end":{"line":41,"column":63}},"15":{"start":{"line":45,"column":4},"end":{"line":45,"column":null}},"16":{"start":{"line":45,"column":54},"end":{"line":45,"column":81}},"17":{"start":{"line":49,"column":4},"end":{"line":49,"column":null}},"18":{"start":{"line":49,"column":44},"end":{"line":49,"column":71}},"19":{"start":{"line":53,"column":4},"end":{"line":53,"column":null}},"20":{"start":{"line":53,"column":41},"end":{"line":53,"column":67}},"21":{"start":{"line":57,"column":4},"end":{"line":57,"column":null}},"22":{"start":{"line":61,"column":4},"end":{"line":63,"column":5}},"23":{"start":{"line":62,"column":6},"end":{"line":62,"column":null}},"24":{"start":{"line":65,"column":4},"end":{"line":67,"column":5}},"25":{"start":{"line":66,"column":6},"end":{"line":66,"column":null}},"26":{"start":{"line":69,"column":4},"end":{"line":71,"column":5}},"27":{"start":{"line":70,"column":6},"end":{"line":70,"column":null}},"28":{"start":{"line":75,"column":4},"end":{"line":75,"column":null}},"29":{"start":{"line":77,"column":4},"end":{"line":81,"column":5}},"30":{"start":{"line":78,"column":6},"end":{"line":78,"column":null}},"31":{"start":{"line":80,"column":6},"end":{"line":80,"column":12}},"32":{"start":{"line":83,"column":4},"end":{"line":85,"column":5}},"33":{"start":{"line":84,"column":6},"end":{"line":84,"column":null}},"34":{"start":{"line":89,"column":21},"end":{"line":91,"column":6}},"35":{"start":{"line":90,"column":6},"end":{"line":90,"column":null}},"36":{"start":{"line":90,"column":40},"end":{"line":90,"column":63}},"37":{"start":{"line":93,"column":25},"end":{"line":95,"column":6}},"38":{"start":{"line":94,"column":6},"end":{"line":94,"column":null}},"39":{"start":{"line":94,"column":30},"end":{"line":94,"column":53}},"40":{"start":{"line":97,"column":4},"end":{"line":97,"column":null}},"41":{"start":{"line":98,"column":4},"end":{"line":98,"column":null}},"42":{"start":{"line":99,"column":4},"end":{"line":99,"column":null}},"43":{"start":{"line":1,"column":0},"end":{"line":1,"column":22}}},"fnMap":{"0":{"name":"(anonymous_0)","decl":{"start":{"line":7,"column":2},"end":{"line":7,"column":14}},"loc":{"start":{"line":7,"column":32},"end":{"line":12,"column":3}}},"1":{"name":"(anonymous_1)","decl":{"start":{"line":16,"column":9},"end":{"line":16,"column":17}},"loc":{"start":{"line":16,"column":17},"end":{"line":18,"column":3}}},"2":{"name":"(anonymous_2)","decl":{"start":{"line":20,"column":9},"end":{"line":20,"column":20}},"loc":{"start":{"line":20,"column":20},"end":{"line":22,"column":3}}},"3":{"name":"(anonymous_3)","decl":{"start":{"line":24,"column":9},"end":{"line":24,"column":24}},"loc":{"start":{"line":24,"column":24},"end":{"line":26,"column":3}}},"4":{"name":"(anonymous_4)","decl":{"start":{"line":28,"column":10},"end":{"line":28,"column":23}},"loc":{"start":{"line":28,"column":31},"end":{"line":30,"column":3}}},"5":{"name":"(anonymous_5)","decl":{"start":{"line":29,"column":36},"end":{"line":29,"column":37}},"loc":{"start":{"line":29,"column":46},"end":{"line":29,"column":72}}},"6":{"name":"(anonymous_6)","decl":{"start":{"line":32,"column":10},"end":{"line":32,"column":19}},"loc":{"start":{"line":32,"column":27},"end":{"line":34,"column":3}}},"7":{"name":"(anonymous_7)","decl":{"start":{"line":33,"column":27},"end":{"line":33,"column":28}},"loc":{"start":{"line":33,"column":37},"end":{"line":33,"column":63}}},"8":{"name":"(anonymous_8)","decl":{"start":{"line":36,"column":10},"end":{"line":36,"column":23}},"loc":{"start":{"line":36,"column":31},"end":{"line":38,"column":3}}},"9":{"name":"(anonymous_9)","decl":{"start":{"line":37,"column":31},"end":{"line":37,"column":32}},"loc":{"start":{"line":37,"column":41},"end":{"line":37,"column":67}}},"10":{"name":"(anonymous_10)","decl":{"start":{"line":40,"column":10},"end":{"line":40,"column":23}},"loc":{"start":{"line":40,"column":31},"end":{"line":42,"column":3}}},"11":{"name":"(anonymous_11)","decl":{"start":{"line":41,"column":31},"end":{"line":41,"column":32}},"loc":{"start":{"line":41,"column":36},"end":{"line":41,"column":63}}},"12":{"name":"(anonymous_12)","decl":{"start":{"line":44,"column":10},"end":{"line":44,"column":27}},"loc":{"start":{"line":44,"column":35},"end":{"line":46,"column":3}}},"13":{"name":"(anonymous_13)","decl":{"start":{"line":45,"column":49},"end":{"line":45,"column":50}},"loc":{"start":{"line":45,"column":54},"end":{"line":45,"column":81}}},"14":{"name":"(anonymous_14)","decl":{"start":{"line":48,"column":10},"end":{"line":48,"column":27}},"loc":{"start":{"line":48,"column":35},"end":{"line":50,"column":3}}},"15":{"name":"(anonymous_15)","decl":{"start":{"line":49,"column":39},"end":{"line":49,"column":40}},"loc":{"start":{"line":49,"column":44},"end":{"line":49,"column":71}}},"16":{"name":"(anonymous_16)","decl":{"start":{"line":52,"column":10},"end":{"line":52,"column":27}},"loc":{"start":{"line":52,"column":35},"end":{"line":54,"column":3}}},"17":{"name":"(anonymous_17)","decl":{"start":{"line":53,"column":31},"end":{"line":53,"column":32}},"loc":{"start":{"line":53,"column":41},"end":{"line":53,"column":67}}},"18":{"name":"(anonymous_18)","decl":{"start":{"line":56,"column":9},"end":{"line":56,"column":15}},"loc":{"start":{"line":56,"column":23},"end":{"line":58,"column":3}}},"19":{"name":"(anonymous_19)","decl":{"start":{"line":60,"column":9},"end":{"line":60,"column":12}},"loc":{"start":{"line":60,"column":20},"end":{"line":72,"column":3}}},"20":{"name":"(anonymous_20)","decl":{"start":{"line":74,"column":9},"end":{"line":74,"column":15}},"loc":{"start":{"line":74,"column":23},"end":{"line":86,"column":3}}},"21":{"name":"(anonymous_21)","decl":{"start":{"line":88,"column":9},"end":{"line":88,"column":15}},"loc":{"start":{"line":88,"column":26},"end":{"line":100,"column":3}}},"22":{"name":"(anonymous_22)","decl":{"start":{"line":89,"column":34},"end":{"line":89,"column":35}},"loc":{"start":{"line":89,"column":38},"end":{"line":91,"column":5}}},"23":{"name":"(anonymous_23)","decl":{"start":{"line":90,"column":35},"end":{"line":90,"column":36}},"loc":{"start":{"line":90,"column":40},"end":{"line":90,"column":63}}},"24":{"name":"(anonymous_24)","decl":{"start":{"line":93,"column":48},"end":{"line":93,"column":49}},"loc":{"start":{"line":93,"column":52},"end":{"line":95,"column":5}}},"25":{"name":"(anonymous_25)","decl":{"start":{"line":94,"column":25},"end":{"line":94,"column":26}},"loc":{"start":{"line":94,"column":30},"end":{"line":94,"column":53}}}},"branchMap":{"0":{"loc":{"start":{"line":8,"column":24},"end":{"line":8,"column":42}},"type":"binary-expr","locations":[{"start":{"line":8,"column":24},"end":{"line":8,"column":36}},{"start":{"line":8,"column":40},"end":{"line":8,"column":42}}]},"1":{"loc":{"start":{"line":9,"column":19},"end":{"line":9,"column":37}},"type":"binary-expr","locations":[{"start":{"line":9,"column":19},"end":{"line":9,"column":31}},{"start":{"line":9,"column":35},"end":{"line":9,"column":37}}]},"2":{"loc":{"start":{"line":61,"column":4},"end":{"line":63,"column":5}},"type":"if","locations":[{"start":{"line":61,"column":4},"end":{"line":63,"column":5}},{"start":{},"end":{}}]},"3":{"loc":{"start":{"line":65,"column":4},"end":{"line":67,"column":5}},"type":"if","locations":[{"start":{"line":65,"column":4},"end":{"line":67,"column":5}},{"start":{},"end":{}}]},"4":{"loc":{"start":{"line":65,"column":8},"end":{"line":65,"column":62}},"type":"binary-expr","locations":[{"start":{"line":65,"column":8},"end":{"line":65,"column":29}},{"start":{"line":65,"column":33},"end":{"line":65,"column":62}}]},"5":{"loc":{"start":{"line":69,"column":4},"end":{"line":71,"column":5}},"type":"if","locations":[{"start":{"line":69,"column":4},"end":{"line":71,"column":5}},{"start":{},"end":{}}]},"6":{"loc":{"start":{"line":77,"column":4},"end":{"line":81,"column":5}},"type":"if","locations":[{"start":{"line":77,"column":4},"end":{"line":81,"column":5}},{"start":{},"end":{}}]},"7":{"loc":{"start":{"line":83,"column":4},"end":{"line":85,"column":5}},"type":"if","locations":[{"start":{"line":83,"column":4},"end":{"line":85,"column":5}},{"start":{},"end":{}}]}},"s":{"0":0,"1":0,"2":0,"3":0,"4":0,"5":0,"6":0,"7":0,"8":0,"9":0,"10":0,"11":0,"12":0,"13":0,"14":0,"15":0,"16":0,"17":0,"18":0,"19":0,"20":0,"21":0,"22":0,"23":0,"24":0,"25":0,"26":0,"27":0,"28":0,"29":0,"30":0,"31":0,"32":0,"33":0,"34":0,"35":0,"36":0,"37":0,"38":0,"39":0,"40":0,"41":0,"42":0,"43":0},"f":{"0":0,"1":0,"2":0,"3":0,"4":0,"5":0,"6":0,"7":0,"8":0,"9":0,"10":0,"11":0,"12":0,"13":0,"14":0,"15":0,"16":0,"17":0,"18":0,"19":0,"20":0,"21":0,"22":0,"23":0,"24":0,"25":0},"b":{"0":[0,0],"1":[0,0],"2":[0,0],"3":[0,0],"4":[0,0],"5":[0,0],"6":[0,0],"7":[0,0]}}
,"/Users/pedroalves/Documents/nerv3/micro/auth-min/src/core/errors/errors/not-allowed-error.ts": {"path":"/Users/pedroalves/Documents/nerv3/micro/auth-min/src/core/errors/errors/not-allowed-error.ts","statementMap":{"0":{"start":{"line":5,"column":4},"end":{"line":5,"column":null}},"1":{"start":{"line":3,"column":0},"end":{"line":3,"column":13}}},"fnMap":{"0":{"name":"(anonymous_0)","decl":{"start":{"line":4,"column":2},"end":{"line":4,"column":null}},"loc":{"start":{"line":4,"column":2},"end":{"line":6,"column":3}}}},"branchMap":{},"s":{"0":0,"1":0},"f":{"0":0},"b":{}}
,"/Users/pedroalves/Documents/nerv3/micro/auth-min/src/core/errors/errors/resource-not-found-error.ts": {"path":"/Users/pedroalves/Documents/nerv3/micro/auth-min/src/core/errors/errors/resource-not-found-error.ts","statementMap":{"0":{"start":{"line":5,"column":4},"end":{"line":5,"column":null}},"1":{"start":{"line":3,"column":0},"end":{"line":3,"column":13}}},"fnMap":{"0":{"name":"(anonymous_0)","decl":{"start":{"line":4,"column":2},"end":{"line":4,"column":null}},"loc":{"start":{"line":4,"column":2},"end":{"line":6,"column":3}}}},"branchMap":{},"s":{"0":0,"1":0},"f":{"0":0},"b":{}}
,"/Users/pedroalves/Documents/nerv3/micro/auth-min/src/core/events/domain-events.ts": {"path":"/Users/pedroalves/Documents/nerv3/micro/auth-min/src/core/events/domain-events.ts","statementMap":{"0":{"start":{"line":9,"column":10},"end":{"line":9,"column":null}},"1":{"start":{"line":10,"column":10},"end":{"line":10,"column":null}},"2":{"start":{"line":15,"column":4},"end":{"line":17,"column":5}},"3":{"start":{"line":16,"column":6},"end":{"line":16,"column":null}},"4":{"start":{"line":18,"column":4},"end":{"line":18,"column":null}},"5":{"start":{"line":22,"column":27},"end":{"line":22,"column":71}},"6":{"start":{"line":24,"column":4},"end":{"line":26,"column":5}},"7":{"start":{"line":25,"column":6},"end":{"line":25,"column":null}},"8":{"start":{"line":30,"column":4},"end":{"line":30,"column":null}},"9":{"start":{"line":30,"column":59},"end":{"line":30,"column":79}},"10":{"start":{"line":34,"column":18},"end":{"line":34,"column":75}},"11":{"start":{"line":34,"column":55},"end":{"line":34,"column":74}},"12":{"start":{"line":35,"column":4},"end":{"line":35,"column":null}},"13":{"start":{"line":39,"column":4},"end":{"line":39,"column":null}},"14":{"start":{"line":39,"column":51},"end":{"line":39,"column":74}},"15":{"start":{"line":43,"column":22},"end":{"line":43,"column":54}},"16":{"start":{"line":45,"column":4},"end":{"line":49,"column":5}},"17":{"start":{"line":46,"column":6},"end":{"line":46,"column":null}},"18":{"start":{"line":47,"column":6},"end":{"line":47,"column":null}},"19":{"start":{"line":48,"column":6},"end":{"line":48,"column":null}},"20":{"start":{"line":53,"column":37},"end":{"line":53,"column":71}},"21":{"start":{"line":55,"column":4},"end":{"line":57,"column":5}},"22":{"start":{"line":56,"column":6},"end":{"line":56,"column":null}},"23":{"start":{"line":59,"column":4},"end":{"line":59,"column":null}},"24":{"start":{"line":63,"column":4},"end":{"line":63,"column":null}},"25":{"start":{"line":67,"column":4},"end":{"line":67,"column":null}},"26":{"start":{"line":71,"column":35},"end":{"line":71,"column":57}},"27":{"start":{"line":72,"column":30},"end":{"line":72,"column":64}},"28":{"start":{"line":74,"column":4},"end":{"line":84,"column":5}},"29":{"start":{"line":75,"column":23},"end":{"line":75,"column":55}},"30":{"start":{"line":77,"column":6},"end":{"line":83,"column":7}},"31":{"start":{"line":78,"column":8},"end":{"line":82,"column":9}},"32":{"start":{"line":79,"column":10},"end":{"line":79,"column":null}},"33":{"start":{"line":81,"column":10},"end":{"line":81,"column":null}},"34":{"start":{"line":7,"column":0},"end":{"line":7,"column":13}}},"fnMap":{"0":{"name":"(anonymous_0)","decl":{"start":{"line":12,"column":2},"end":{"line":12,"column":25}},"loc":{"start":{"line":12,"column":2},"end":{"line":12,"column":26}}},"1":{"name":"(anonymous_1)","decl":{"start":{"line":14,"column":9},"end":{"line":14,"column":15}},"loc":{"start":{"line":14,"column":27},"end":{"line":19,"column":3}}},"2":{"name":"(anonymous_2)","decl":{"start":{"line":21,"column":9},"end":{"line":21,"column":33}},"loc":{"start":{"line":21,"column":67},"end":{"line":27,"column":3}}},"3":{"name":"(anonymous_3)","decl":{"start":{"line":29,"column":10},"end":{"line":29,"column":33}},"loc":{"start":{"line":29,"column":67},"end":{"line":31,"column":3}}},"4":{"name":"(anonymous_4)","decl":{"start":{"line":30,"column":35},"end":{"line":30,"column":36}},"loc":{"start":{"line":30,"column":59},"end":{"line":30,"column":79}}},"5":{"name":"(anonymous_5)","decl":{"start":{"line":33,"column":10},"end":{"line":33,"column":47}},"loc":{"start":{"line":33,"column":81},"end":{"line":36,"column":3}}},"6":{"name":"(anonymous_6)","decl":{"start":{"line":34,"column":50},"end":{"line":34,"column":51}},"loc":{"start":{"line":34,"column":55},"end":{"line":34,"column":74}}},"7":{"name":"(anonymous_7)","decl":{"start":{"line":38,"column":10},"end":{"line":38,"column":33}},"loc":{"start":{"line":38,"column":52},"end":{"line":40,"column":3}}},"8":{"name":"(anonymous_8)","decl":{"start":{"line":39,"column":38},"end":{"line":39,"column":47}},"loc":{"start":{"line":39,"column":51},"end":{"line":39,"column":74}}},"9":{"name":"(anonymous_9)","decl":{"start":{"line":42,"column":9},"end":{"line":42,"column":35}},"loc":{"start":{"line":42,"column":54},"end":{"line":50,"column":3}}},"10":{"name":"(anonymous_10)","decl":{"start":{"line":52,"column":9},"end":{"line":52,"column":17}},"loc":{"start":{"line":52,"column":71},"end":{"line":60,"column":3}}},"11":{"name":"(anonymous_11)","decl":{"start":{"line":62,"column":9},"end":{"line":62,"column":22}},"loc":{"start":{"line":62,"column":22},"end":{"line":64,"column":3}}},"12":{"name":"(anonymous_12)","decl":{"start":{"line":66,"column":9},"end":{"line":66,"column":30}},"loc":{"start":{"line":66,"column":30},"end":{"line":68,"column":3}}},"13":{"name":"(anonymous_13)","decl":{"start":{"line":70,"column":10},"end":{"line":70,"column":18}},"loc":{"start":{"line":70,"column":37},"end":{"line":85,"column":3}}}},"branchMap":{"0":{"loc":{"start":{"line":15,"column":4},"end":{"line":17,"column":5}},"type":"if","locations":[{"start":{"line":15,"column":4},"end":{"line":17,"column":5}},{"start":{},"end":{}}]},"1":{"loc":{"start":{"line":24,"column":4},"end":{"line":26,"column":5}},"type":"if","locations":[{"start":{"line":24,"column":4},"end":{"line":26,"column":5}},{"start":{},"end":{}}]},"2":{"loc":{"start":{"line":45,"column":4},"end":{"line":49,"column":5}},"type":"if","locations":[{"start":{"line":45,"column":4},"end":{"line":49,"column":5}},{"start":{},"end":{}}]},"3":{"loc":{"start":{"line":55,"column":4},"end":{"line":57,"column":5}},"type":"if","locations":[{"start":{"line":55,"column":4},"end":{"line":57,"column":5}},{"start":{},"end":{}}]},"4":{"loc":{"start":{"line":74,"column":4},"end":{"line":84,"column":5}},"type":"if","locations":[{"start":{"line":74,"column":4},"end":{"line":84,"column":5}},{"start":{},"end":{}}]}},"s":{"0":0,"1":0,"2":0,"3":0,"4":0,"5":0,"6":0,"7":0,"8":0,"9":0,"10":0,"11":0,"12":0,"13":0,"14":0,"15":0,"16":0,"17":0,"18":0,"19":0,"20":0,"21":0,"22":0,"23":0,"24":0,"25":0,"26":0,"27":0,"28":0,"29":0,"30":0,"31":0,"32":0,"33":0,"34":0},"f":{"0":0,"1":0,"2":0,"3":0,"4":0,"5":0,"6":0,"7":0,"8":0,"9":0,"10":0,"11":0,"12":0,"13":0},"b":{"0":[0,0],"1":[0,0],"2":[0,0],"3":[0,0],"4":[0,0]}}
,"/Users/pedroalves/Documents/nerv3/micro/auth-min/src/core/utils/format-date.ts": {"path":"/Users/pedroalves/Documents/nerv3/micro/auth-min/src/core/utils/format-date.ts","statementMap":{"0":{"start":{"line":1,"column":0},"end":{"line":1,"column":16}},"1":{"start":{"line":2,"column":2},"end":{"line":25,"column":3}},"2":{"start":{"line":3,"column":4},"end":{"line":11,"column":null}},"3":{"start":{"line":13,"column":4},"end":{"line":24,"column":null}}},"fnMap":{"0":{"name":"formatDate","decl":{"start":{"line":1,"column":16},"end":{"line":1,"column":26}},"loc":{"start":{"line":1,"column":76},"end":{"line":26,"column":1}}}},"branchMap":{"0":{"loc":{"start":{"line":1,"column":51},"end":{"line":1,"column":76}},"type":"default-arg","locations":[{"start":{"line":1,"column":71},"end":{"line":1,"column":76}}]},"1":{"loc":{"start":{"line":2,"column":2},"end":{"line":25,"column":3}},"type":"if","locations":[{"start":{"line":2,"column":2},"end":{"line":25,"column":3}},{"start":{"line":12,"column":9},"end":{"line":25,"column":3}}]},"2":{"loc":{"start":{"line":3,"column":11},"end":{"line":11,"column":17}},"type":"cond-expr","locations":[{"start":{"line":4,"column":8},"end":{"line":10,"column":28}},{"start":{"line":11,"column":8},"end":{"line":11,"column":17}}]},"3":{"loc":{"start":{"line":13,"column":11},"end":{"line":24,"column":17}},"type":"cond-expr","locations":[{"start":{"line":14,"column":8},"end":{"line":23,"column":30}},{"start":{"line":24,"column":8},"end":{"line":24,"column":17}}]}},"s":{"0":0,"1":0,"2":0,"3":0},"f":{"0":0},"b":{"0":[0],"1":[0,0],"2":[0,0],"3":[0,0]}}
,"/Users/pedroalves/Documents/nerv3/micro/auth-min/src/domain/auth/application/cryptography/encrypter.ts": {"path":"/Users/pedroalves/Documents/nerv3/micro/auth-min/src/domain/auth/application/cryptography/encrypter.ts","statementMap":{"0":{"start":{"line":1,"column":0},"end":{"line":1,"column":22}}},"fnMap":{},"branchMap":{},"s":{"0":2},"f":{},"b":{}}
,"/Users/pedroalves/Documents/nerv3/micro/auth-min/src/domain/auth/application/cryptography/hash-comparer.ts": {"path":"/Users/pedroalves/Documents/nerv3/micro/auth-min/src/domain/auth/application/cryptography/hash-comparer.ts","statementMap":{"0":{"start":{"line":1,"column":0},"end":{"line":1,"column":22}}},"fnMap":{},"branchMap":{},"s":{"0":1},"f":{},"b":{}}
,"/Users/pedroalves/Documents/nerv3/micro/auth-min/src/domain/auth/application/cryptography/hash-generator.ts": {"path":"/Users/pedroalves/Documents/nerv3/micro/auth-min/src/domain/auth/application/cryptography/hash-generator.ts","statementMap":{"0":{"start":{"line":1,"column":0},"end":{"line":1,"column":22}}},"fnMap":{},"branchMap":{},"s":{"0":1},"f":{},"b":{}}
,"/Users/pedroalves/Documents/nerv3/micro/auth-min/src/domain/auth/application/cryptography/secret-encrypter.ts": {"path":"/Users/pedroalves/Documents/nerv3/micro/auth-min/src/domain/auth/application/cryptography/secret-encrypter.ts","statementMap":{"0":{"start":{"line":1,"column":0},"end":{"line":1,"column":22}}},"fnMap":{},"branchMap":{},"s":{"0":0},"f":{},"b":{}}
,"/Users/pedroalves/Documents/nerv3/micro/auth-min/src/domain/auth/application/cryptography/token-validator.ts": {"path":"/Users/pedroalves/Documents/nerv3/micro/auth-min/src/domain/auth/application/cryptography/token-validator.ts","statementMap":{"0":{"start":{"line":8,"column":0},"end":{"line":8,"column":22}}},"fnMap":{},"branchMap":{},"s":{"0":1},"f":{},"b":{}}
,"/Users/pedroalves/Documents/nerv3/micro/auth-min/src/domain/auth/application/repositories/devices-repository.ts": {"path":"/Users/pedroalves/Documents/nerv3/micro/auth-min/src/domain/auth/application/repositories/devices-repository.ts","statementMap":{"0":{"start":{"line":3,"column":0},"end":{"line":3,"column":22}}},"fnMap":{},"branchMap":{},"s":{"0":4},"f":{},"b":{}}
,"/Users/pedroalves/Documents/nerv3/micro/auth-min/src/domain/auth/application/repositories/permissions-repository.ts": {"path":"/Users/pedroalves/Documents/nerv3/micro/auth-min/src/domain/auth/application/repositories/permissions-repository.ts","statementMap":{"0":{"start":{"line":3,"column":0},"end":{"line":3,"column":22}}},"fnMap":{},"branchMap":{},"s":{"0":3},"f":{},"b":{}}
,"/Users/pedroalves/Documents/nerv3/micro/auth-min/src/domain/auth/application/repositories/refresh-token-repository.ts": {"path":"/Users/pedroalves/Documents/nerv3/micro/auth-min/src/domain/auth/application/repositories/refresh-token-repository.ts","statementMap":{"0":{"start":{"line":3,"column":0},"end":{"line":3,"column":22}}},"fnMap":{},"branchMap":{},"s":{"0":5},"f":{},"b":{}}
,"/Users/pedroalves/Documents/nerv3/micro/auth-min/src/domain/auth/application/repositories/roles-repository.ts": {"path":"/Users/pedroalves/Documents/nerv3/micro/auth-min/src/domain/auth/application/repositories/roles-repository.ts","statementMap":{"0":{"start":{"line":3,"column":0},"end":{"line":3,"column":22}}},"fnMap":{},"branchMap":{},"s":{"0":4},"f":{},"b":{}}
,"/Users/pedroalves/Documents/nerv3/micro/auth-min/src/domain/auth/application/repositories/users-repository.ts": {"path":"/Users/pedroalves/Documents/nerv3/micro/auth-min/src/domain/auth/application/repositories/users-repository.ts","statementMap":{"0":{"start":{"line":4,"column":0},"end":{"line":4,"column":22}}},"fnMap":{},"branchMap":{},"s":{"0":10},"f":{},"b":{}}
,"/Users/pedroalves/Documents/nerv3/micro/auth-min/src/domain/auth/application/use-cases/assign-role-to-user.ts": {"path":"/Users/pedroalves/Documents/nerv3/micro/auth-min/src/domain/auth/application/use-cases/assign-role-to-user.ts","statementMap":{"0":{"start":{"line":1,"column":0},"end":{"line":1,"column":44}},"1":{"start":{"line":2,"column":0},"end":{"line":2,"column":52}},"2":{"start":{"line":3,"column":0},"end":{"line":3,"column":67}},"3":{"start":{"line":4,"column":0},"end":{"line":4,"column":67}},"4":{"start":{"line":5,"column":0},"end":{"line":5,"column":66}},"5":{"start":{"line":6,"column":0},"end":{"line":6,"column":66}},"6":{"start":{"line":22,"column":7},"end":{"line":47,"column":null}},"7":{"start":{"line":24,"column":12},"end":{"line":24,"column":29}},"8":{"start":{"line":25,"column":12},"end":{"line":25,"column":29}},"9":{"start":{"line":33,"column":17},"end":{"line":33,"column":60}},"10":{"start":{"line":34,"column":4},"end":{"line":36,"column":5}},"11":{"start":{"line":35,"column":6},"end":{"line":35,"column":49}},"12":{"start":{"line":38,"column":17},"end":{"line":38,"column":60}},"13":{"start":{"line":39,"column":4},"end":{"line":41,"column":5}},"14":{"start":{"line":40,"column":6},"end":{"line":40,"column":49}},"15":{"start":{"line":43,"column":4},"end":{"line":43,"column":70}},"16":{"start":{"line":45,"column":4},"end":{"line":45,"column":36}},"17":{"start":{"line":22,"column":13},"end":{"line":22,"column":36}},"18":{"start":{"line":22,"column":13},"end":{"line":47,"column":null}}},"fnMap":{"0":{"name":"(anonymous_2)","decl":{"start":{"line":23,"column":2},"end":{"line":23,"column":null}},"loc":{"start":{"line":25,"column":44},"end":{"line":26,"column":6}}},"1":{"name":"(anonymous_3)","decl":{"start":{"line":28,"column":2},"end":{"line":28,"column":7}},"loc":{"start":{"line":32,"column":35},"end":{"line":46,"column":3}}}},"branchMap":{"0":{"loc":{"start":{"line":34,"column":4},"end":{"line":36,"column":5}},"type":"if","locations":[{"start":{"line":34,"column":4},"end":{"line":36,"column":5}},{"start":{},"end":{}}]},"1":{"loc":{"start":{"line":39,"column":4},"end":{"line":41,"column":5}},"type":"if","locations":[{"start":{"line":39,"column":4},"end":{"line":41,"column":5}},{"start":{},"end":{}}]}},"s":{"0":1,"1":1,"2":1,"3":1,"4":1,"5":1,"6":1,"7":3,"8":3,"9":3,"10":3,"11":1,"12":2,"13":2,"14":1,"15":1,"16":1,"17":1,"18":1},"f":{"0":3,"1":3},"b":{"0":[1,2],"1":[1,1]}}
,"/Users/pedroalves/Documents/nerv3/micro/auth-min/src/domain/auth/application/use-cases/authenticate-device.ts": {"path":"/Users/pedroalves/Documents/nerv3/micro/auth-min/src/domain/auth/application/use-cases/authenticate-device.ts","statementMap":{"0":{"start":{"line":1,"column":0},"end":{"line":1,"column":44}},"1":{"start":{"line":2,"column":0},"end":{"line":2,"column":52}},"2":{"start":{"line":4,"column":0},"end":{"line":4,"column":71}},"3":{"start":{"line":5,"column":0},"end":{"line":5,"column":69}},"4":{"start":{"line":7,"column":0},"end":{"line":7,"column":61}},"5":{"start":{"line":8,"column":0},"end":{"line":8,"column":54}},"6":{"start":{"line":9,"column":0},"end":{"line":9,"column":66}},"7":{"start":{"line":12,"column":0},"end":{"line":12,"column":71}},"8":{"start":{"line":13,"column":0},"end":{"line":13,"column":67}},"9":{"start":{"line":14,"column":0},"end":{"line":14,"column":82}},"10":{"start":{"line":15,"column":0},"end":{"line":15,"column":73}},"11":{"start":{"line":31,"column":7},"end":{"line":120,"column":null}},"12":{"start":{"line":33,"column":12},"end":{"line":33,"column":31}},"13":{"start":{"line":34,"column":12},"end":{"line":34,"column":29}},"14":{"start":{"line":35,"column":12},"end":{"line":35,"column":36}},"15":{"start":{"line":36,"column":12},"end":{"line":36,"column":26}},"16":{"start":{"line":37,"column":12},"end":{"line":37,"column":23}},"17":{"start":{"line":44,"column":17},"end":{"line":44,"column":78}},"18":{"start":{"line":45,"column":4},"end":{"line":47,"column":5}},"19":{"start":{"line":46,"column":6},"end":{"line":46,"column":47}},"20":{"start":{"line":49,"column":28},"end":{"line":51,"column":null}},"21":{"start":{"line":54,"column":4},"end":{"line":56,"column":5}},"22":{"start":{"line":55,"column":6},"end":{"line":55,"column":47}},"23":{"start":{"line":58,"column":19},"end":{"line":58,"column":60}},"24":{"start":{"line":59,"column":4},"end":{"line":59,"column":25}},"25":{"start":{"line":63,"column":26},"end":{"line":63,"column":62}},"26":{"start":{"line":65,"column":42},"end":{"line":68,"column":6}},"27":{"start":{"line":70,"column":30},"end":{"line":76,"column":6}},"28":{"start":{"line":78,"column":31},"end":{"line":85,"column":6}},"29":{"start":{"line":87,"column":4},"end":{"line":87,"column":65}},"30":{"start":{"line":89,"column":4},"end":{"line":89,"column":16}},"31":{"start":{"line":90,"column":4},"end":{"line":90,"column":42}},"32":{"start":{"line":92,"column":4},"end":{"line":95,"column":6}},"33":{"start":{"line":99,"column":23},"end":{"line":101,"column":null}},"34":{"start":{"line":104,"column":4},"end":{"line":113,"column":5}},"35":{"start":{"line":110,"column":6},"end":{"line":110,"column":36}},"36":{"start":{"line":111,"column":6},"end":{"line":111,"column":50}},"37":{"start":{"line":112,"column":6},"end":{"line":112,"column":20}},"38":{"start":{"line":115,"column":4},"end":{"line":115,"column":38}},"39":{"start":{"line":116,"column":4},"end":{"line":116,"column":50}},"40":{"start":{"line":118,"column":4},"end":{"line":118,"column":22}},"41":{"start":{"line":31,"column":13},"end":{"line":31,"column":38}},"42":{"start":{"line":31,"column":13},"end":{"line":120,"column":null}}},"fnMap":{"0":{"name":"(anonymous_2)","decl":{"start":{"line":32,"column":2},"end":{"line":32,"column":null}},"loc":{"start":{"line":37,"column":32},"end":{"line":38,"column":6}}},"1":{"name":"(anonymous_3)","decl":{"start":{"line":40,"column":2},"end":{"line":40,"column":7}},"loc":{"start":{"line":43,"column":37},"end":{"line":60,"column":3}}},"2":{"name":"(anonymous_4)","decl":{"start":{"line":62,"column":10},"end":{"line":62,"column":15}},"loc":{"start":{"line":62,"column":59},"end":{"line":96,"column":3}}},"3":{"name":"(anonymous_5)","decl":{"start":{"line":98,"column":10},"end":{"line":98,"column":15}},"loc":{"start":{"line":98,"column":48},"end":{"line":119,"column":3}}}},"branchMap":{"0":{"loc":{"start":{"line":45,"column":4},"end":{"line":47,"column":5}},"type":"if","locations":[{"start":{"line":45,"column":4},"end":{"line":47,"column":5}},{"start":{},"end":{}}]},"1":{"loc":{"start":{"line":54,"column":4},"end":{"line":56,"column":5}},"type":"if","locations":[{"start":{"line":54,"column":4},"end":{"line":56,"column":5}},{"start":{},"end":{}}]},"2":{"loc":{"start":{"line":104,"column":4},"end":{"line":113,"column":5}},"type":"if","locations":[{"start":{"line":104,"column":4},"end":{"line":113,"column":5}},{"start":{},"end":{}}]},"3":{"loc":{"start":{"line":105,"column":6},"end":{"line":108,"column":37}},"type":"binary-expr","locations":[{"start":{"line":105,"column":6},"end":{"line":105,"column":17}},{"start":{"line":106,"column":6},"end":{"line":106,"column":43}},{"start":{"line":107,"column":6},"end":{"line":107,"column":59}},{"start":{"line":108,"column":6},"end":{"line":108,"column":37}}]}},"s":{"0":1,"1":1,"2":1,"3":1,"4":1,"5":1,"6":1,"7":1,"8":1,"9":1,"10":1,"11":1,"12":5,"13":5,"14":5,"15":5,"16":5,"17":5,"18":5,"19":1,"20":4,"21":4,"22":1,"23":3,"24":3,"25":3,"26":3,"27":3,"28":3,"29":3,"30":3,"31":3,"32":3,"33":3,"34":3,"35":2,"36":2,"37":2,"38":1,"39":1,"40":1,"41":1,"42":1},"f":{"0":5,"1":5,"2":3,"3":3},"b":{"0":[1,4],"1":[1,3],"2":[2,1],"3":[3,2,1,1]}}
,"/Users/pedroalves/Documents/nerv3/micro/auth-min/src/domain/auth/application/use-cases/check-user-permission.ts": {"path":"/Users/pedroalves/Documents/nerv3/micro/auth-min/src/domain/auth/application/use-cases/check-user-permission.ts","statementMap":{"0":{"start":{"line":1,"column":0},"end":{"line":1,"column":44}},"1":{"start":{"line":2,"column":0},"end":{"line":2,"column":52}},"2":{"start":{"line":3,"column":0},"end":{"line":3,"column":67}},"3":{"start":{"line":4,"column":0},"end":{"line":4,"column":79}},"4":{"start":{"line":5,"column":0},"end":{"line":5,"column":66}},"5":{"start":{"line":23,"column":7},"end":{"line":68,"column":null}},"6":{"start":{"line":25,"column":12},"end":{"line":25,"column":29}},"7":{"start":{"line":26,"column":12},"end":{"line":26,"column":35}},"8":{"start":{"line":34,"column":17},"end":{"line":34,"column":60}},"9":{"start":{"line":35,"column":4},"end":{"line":37,"column":5}},"10":{"start":{"line":36,"column":6},"end":{"line":36,"column":49}},"11":{"start":{"line":40,"column":22},"end":{"line":40,"column":74}},"12":{"start":{"line":42,"column":4},"end":{"line":47,"column":5}},"13":{"start":{"line":43,"column":6},"end":{"line":46,"column":9}},"14":{"start":{"line":49,"column":39},"end":{"line":49,"column":41}},"15":{"start":{"line":50,"column":4},"end":{"line":55,"column":5}},"16":{"start":{"line":51,"column":30},"end":{"line":52,"column":null}},"17":{"start":{"line":54,"column":6},"end":{"line":54,"column":63}},"18":{"start":{"line":57,"column":26},"end":{"line":58,"column":null}},"19":{"start":{"line":58,"column":6},"end":{"line":58,"column":42}},"20":{"start":{"line":61,"column":4},"end":{"line":66,"column":7}},"21":{"start":{"line":23,"column":13},"end":{"line":23,"column":39}},"22":{"start":{"line":23,"column":13},"end":{"line":68,"column":null}}},"fnMap":{"0":{"name":"(anonymous_2)","decl":{"start":{"line":24,"column":2},"end":{"line":24,"column":null}},"loc":{"start":{"line":26,"column":56},"end":{"line":27,"column":6}}},"1":{"name":"(anonymous_3)","decl":{"start":{"line":29,"column":2},"end":{"line":29,"column":7}},"loc":{"start":{"line":33,"column":38},"end":{"line":67,"column":3}}},"2":{"name":"(anonymous_4)","decl":{"start":{"line":57,"column":46},"end":{"line":57,"column":47}},"loc":{"start":{"line":58,"column":6},"end":{"line":58,"column":42}}}},"branchMap":{"0":{"loc":{"start":{"line":35,"column":4},"end":{"line":37,"column":5}},"type":"if","locations":[{"start":{"line":35,"column":4},"end":{"line":37,"column":5}},{"start":{},"end":{}}]},"1":{"loc":{"start":{"line":42,"column":4},"end":{"line":47,"column":5}},"type":"if","locations":[{"start":{"line":42,"column":4},"end":{"line":47,"column":5}},{"start":{},"end":{}}]},"2":{"loc":{"start":{"line":63,"column":14},"end":{"line":65,"column":53}},"type":"cond-expr","locations":[{"start":{"line":64,"column":10},"end":{"line":64,"column":19}},{"start":{"line":65,"column":10},"end":{"line":65,"column":53}}]}},"s":{"0":1,"1":1,"2":1,"3":1,"4":1,"5":1,"6":5,"7":5,"8":5,"9":5,"10":1,"11":4,"12":4,"13":1,"14":3,"15":3,"16":4,"17":4,"18":3,"19":4,"20":3,"21":1,"22":1},"f":{"0":5,"1":5,"2":4},"b":{"0":[1,4],"1":[1,3],"2":[2,1]}}
,"/Users/pedroalves/Documents/nerv3/micro/auth-min/src/domain/auth/application/use-cases/create-permission.ts": {"path":"/Users/pedroalves/Documents/nerv3/micro/auth-min/src/domain/auth/application/use-cases/create-permission.ts","statementMap":{"0":{"start":{"line":1,"column":0},"end":{"line":1,"column":44}},"1":{"start":{"line":2,"column":0},"end":{"line":2,"column":52}},"2":{"start":{"line":3,"column":0},"end":{"line":3,"column":66}},"3":{"start":{"line":4,"column":0},"end":{"line":4,"column":79}},"4":{"start":{"line":5,"column":0},"end":{"line":5,"column":88}},"5":{"start":{"line":22,"column":7},"end":{"line":55,"column":null}},"6":{"start":{"line":23,"column":22},"end":{"line":23,"column":45}},"7":{"start":{"line":31,"column":17},"end":{"line":31,"column":40}},"8":{"start":{"line":34,"column":6},"end":{"line":36,"column":null}},"9":{"start":{"line":39,"column":4},"end":{"line":41,"column":5}},"10":{"start":{"line":40,"column":6},"end":{"line":40,"column":58}},"11":{"start":{"line":43,"column":23},"end":{"line":49,"column":6}},"12":{"start":{"line":51,"column":4},"end":{"line":51,"column":56}},"13":{"start":{"line":53,"column":4},"end":{"line":53,"column":33}},"14":{"start":{"line":22,"column":13},"end":{"line":22,"column":36}},"15":{"start":{"line":22,"column":13},"end":{"line":55,"column":null}}},"fnMap":{"0":{"name":"(anonymous_2)","decl":{"start":{"line":23,"column":2},"end":{"line":23,"column":22}},"loc":{"start":{"line":23,"column":66},"end":{"line":23,"column":70}}},"1":{"name":"(anonymous_3)","decl":{"start":{"line":25,"column":2},"end":{"line":25,"column":7}},"loc":{"start":{"line":30,"column":35},"end":{"line":54,"column":3}}}},"branchMap":{"0":{"loc":{"start":{"line":39,"column":4},"end":{"line":41,"column":5}},"type":"if","locations":[{"start":{"line":39,"column":4},"end":{"line":41,"column":5}},{"start":{},"end":{}}]}},"s":{"0":1,"1":1,"2":1,"3":1,"4":1,"5":1,"6":3,"7":4,"8":4,"9":4,"10":1,"11":3,"12":3,"13":3,"14":1,"15":1},"f":{"0":3,"1":4},"b":{"0":[1,3]}}
,"/Users/pedroalves/Documents/nerv3/micro/auth-min/src/domain/auth/application/use-cases/create-role.ts": {"path":"/Users/pedroalves/Documents/nerv3/micro/auth-min/src/domain/auth/application/use-cases/create-role.ts","statementMap":{"0":{"start":{"line":1,"column":0},"end":{"line":1,"column":44}},"1":{"start":{"line":2,"column":0},"end":{"line":2,"column":52}},"2":{"start":{"line":3,"column":0},"end":{"line":3,"column":54}},"3":{"start":{"line":4,"column":0},"end":{"line":4,"column":67}},"4":{"start":{"line":5,"column":0},"end":{"line":5,"column":76}},"5":{"start":{"line":22,"column":7},"end":{"line":55,"column":null}},"6":{"start":{"line":23,"column":22},"end":{"line":23,"column":39}},"7":{"start":{"line":31,"column":17},"end":{"line":31,"column":56}},"8":{"start":{"line":33,"column":29},"end":{"line":33,"column":72}},"9":{"start":{"line":34,"column":4},"end":{"line":36,"column":5}},"10":{"start":{"line":35,"column":6},"end":{"line":35,"column":52}},"11":{"start":{"line":38,"column":29},"end":{"line":38,"column":72}},"12":{"start":{"line":39,"column":4},"end":{"line":41,"column":5}},"13":{"start":{"line":40,"column":6},"end":{"line":40,"column":52}},"14":{"start":{"line":43,"column":17},"end":{"line":49,"column":6}},"15":{"start":{"line":51,"column":4},"end":{"line":51,"column":44}},"16":{"start":{"line":53,"column":4},"end":{"line":53,"column":27}},"17":{"start":{"line":22,"column":13},"end":{"line":22,"column":30}},"18":{"start":{"line":22,"column":13},"end":{"line":55,"column":null}}},"fnMap":{"0":{"name":"(anonymous_2)","decl":{"start":{"line":23,"column":2},"end":{"line":23,"column":22}},"loc":{"start":{"line":23,"column":54},"end":{"line":23,"column":58}}},"1":{"name":"(anonymous_3)","decl":{"start":{"line":25,"column":2},"end":{"line":25,"column":7}},"loc":{"start":{"line":30,"column":29},"end":{"line":54,"column":3}}}},"branchMap":{"0":{"loc":{"start":{"line":34,"column":4},"end":{"line":36,"column":5}},"type":"if","locations":[{"start":{"line":34,"column":4},"end":{"line":36,"column":5}},{"start":{},"end":{}}]},"1":{"loc":{"start":{"line":39,"column":4},"end":{"line":41,"column":5}},"type":"if","locations":[{"start":{"line":39,"column":4},"end":{"line":41,"column":5}},{"start":{},"end":{}}]},"2":{"loc":{"start":{"line":48,"column":23},"end":{"line":48,"column":44}},"type":"binary-expr","locations":[{"start":{"line":48,"column":23},"end":{"line":48,"column":38}},{"start":{"line":48,"column":42},"end":{"line":48,"column":44}}]}},"s":{"0":1,"1":1,"2":1,"3":1,"4":1,"5":1,"6":4,"7":6,"8":6,"9":6,"10":1,"11":5,"12":5,"13":1,"14":4,"15":4,"16":4,"17":1,"18":1},"f":{"0":4,"1":6},"b":{"0":[1,5],"1":[1,4],"2":[4,3]}}
,"/Users/pedroalves/Documents/nerv3/micro/auth-min/src/domain/auth/application/use-cases/create-user.ts": {"path":"/Users/pedroalves/Documents/nerv3/micro/auth-min/src/domain/auth/application/use-cases/create-user.ts","statementMap":{"0":{"start":{"line":1,"column":0},"end":{"line":1,"column":44}},"1":{"start":{"line":2,"column":0},"end":{"line":2,"column":62}},"2":{"start":{"line":3,"column":0},"end":{"line":3,"column":54}},"3":{"start":{"line":4,"column":0},"end":{"line":4,"column":90}},"4":{"start":{"line":5,"column":0},"end":{"line":5,"column":63}},"5":{"start":{"line":6,"column":0},"end":{"line":6,"column":76}},"6":{"start":{"line":7,"column":0},"end":{"line":7,"column":66}},"7":{"start":{"line":23,"column":7},"end":{"line":55,"column":null}},"8":{"start":{"line":25,"column":12},"end":{"line":25,"column":28}},"9":{"start":{"line":26,"column":12},"end":{"line":26,"column":27}},"10":{"start":{"line":34,"column":23},"end":{"line":34,"column":67}},"11":{"start":{"line":36,"column":4},"end":{"line":38,"column":5}},"12":{"start":{"line":37,"column":6},"end":{"line":37,"column":48}},"13":{"start":{"line":40,"column":27},"end":{"line":40,"column":66}},"14":{"start":{"line":42,"column":17},"end":{"line":48,"column":null}},"15":{"start":{"line":51,"column":4},"end":{"line":51,"column":43}},"16":{"start":{"line":53,"column":4},"end":{"line":53,"column":27}},"17":{"start":{"line":23,"column":13},"end":{"line":23,"column":30}},"18":{"start":{"line":23,"column":13},"end":{"line":55,"column":null}}},"fnMap":{"0":{"name":"(anonymous_2)","decl":{"start":{"line":24,"column":2},"end":{"line":24,"column":null}},"loc":{"start":{"line":26,"column":40},"end":{"line":27,"column":6}}},"1":{"name":"(anonymous_3)","decl":{"start":{"line":29,"column":2},"end":{"line":29,"column":7}},"loc":{"start":{"line":33,"column":29},"end":{"line":54,"column":3}}}},"branchMap":{"0":{"loc":{"start":{"line":36,"column":4},"end":{"line":38,"column":5}},"type":"if","locations":[{"start":{"line":36,"column":4},"end":{"line":38,"column":5}},{"start":{},"end":{}}]}},"s":{"0":1,"1":1,"2":1,"3":1,"4":1,"5":1,"6":1,"7":1,"8":2,"9":2,"10":3,"11":3,"12":1,"13":2,"14":2,"15":2,"16":2,"17":1,"18":1},"f":{"0":2,"1":3},"b":{"0":[1,2]}}
,"/Users/pedroalves/Documents/nerv3/micro/auth-min/src/domain/auth/application/use-cases/delete-user.ts": {"path":"/Users/pedroalves/Documents/nerv3/micro/auth-min/src/domain/auth/application/use-cases/delete-user.ts","statementMap":{"0":{"start":{"line":1,"column":0},"end":{"line":1,"column":44}},"1":{"start":{"line":2,"column":0},"end":{"line":2,"column":62}},"2":{"start":{"line":3,"column":0},"end":{"line":3,"column":90}},"3":{"start":{"line":4,"column":0},"end":{"line":4,"column":66}},"4":{"start":{"line":18,"column":7},"end":{"line":34,"column":null}},"5":{"start":{"line":19,"column":22},"end":{"line":19,"column":38}},"6":{"start":{"line":24,"column":17},"end":{"line":24,"column":59}},"7":{"start":{"line":26,"column":4},"end":{"line":28,"column":5}},"8":{"start":{"line":27,"column":6},"end":{"line":27,"column":49}},"9":{"start":{"line":30,"column":4},"end":{"line":30,"column":45}},"10":{"start":{"line":32,"column":4},"end":{"line":32,"column":59}},"11":{"start":{"line":18,"column":13},"end":{"line":18,"column":30}},"12":{"start":{"line":18,"column":13},"end":{"line":34,"column":null}}},"fnMap":{"0":{"name":"(anonymous_2)","decl":{"start":{"line":19,"column":2},"end":{"line":19,"column":22}},"loc":{"start":{"line":19,"column":53},"end":{"line":19,"column":57}}},"1":{"name":"(anonymous_3)","decl":{"start":{"line":21,"column":2},"end":{"line":21,"column":7}},"loc":{"start":{"line":23,"column":29},"end":{"line":33,"column":3}}}},"branchMap":{"0":{"loc":{"start":{"line":26,"column":4},"end":{"line":28,"column":5}},"type":"if","locations":[{"start":{"line":26,"column":4},"end":{"line":28,"column":5}},{"start":{},"end":{}}]}},"s":{"0":1,"1":1,"2":1,"3":1,"4":1,"5":3,"6":3,"7":3,"8":1,"9":2,"10":2,"11":1,"12":1},"f":{"0":3,"1":3},"b":{"0":[1,2]}}
,"/Users/pedroalves/Documents/nerv3/micro/auth-min/src/domain/auth/application/use-cases/get-user-by-id.ts": {"path":"/Users/pedroalves/Documents/nerv3/micro/auth-min/src/domain/auth/application/use-cases/get-user-by-id.ts","statementMap":{"0":{"start":{"line":1,"column":0},"end":{"line":1,"column":52}},"1":{"start":{"line":2,"column":0},"end":{"line":2,"column":44}},"2":{"start":{"line":3,"column":0},"end":{"line":3,"column":67}},"3":{"start":{"line":4,"column":0},"end":{"line":4,"column":66}},"4":{"start":{"line":19,"column":7},"end":{"line":33,"column":null}},"5":{"start":{"line":20,"column":22},"end":{"line":20,"column":39}},"6":{"start":{"line":25,"column":17},"end":{"line":25,"column":60}},"7":{"start":{"line":27,"column":4},"end":{"line":29,"column":5}},"8":{"start":{"line":28,"column":6},"end":{"line":28,"column":49}},"9":{"start":{"line":31,"column":4},"end":{"line":31,"column":27}},"10":{"start":{"line":19,"column":13},"end":{"line":19,"column":31}},"11":{"start":{"line":19,"column":13},"end":{"line":33,"column":null}}},"fnMap":{"0":{"name":"(anonymous_2)","decl":{"start":{"line":20,"column":2},"end":{"line":20,"column":22}},"loc":{"start":{"line":20,"column":54},"end":{"line":20,"column":58}}},"1":{"name":"(anonymous_3)","decl":{"start":{"line":22,"column":2},"end":{"line":22,"column":7}},"loc":{"start":{"line":24,"column":30},"end":{"line":32,"column":3}}}},"branchMap":{"0":{"loc":{"start":{"line":27,"column":4},"end":{"line":29,"column":5}},"type":"if","locations":[{"start":{"line":27,"column":4},"end":{"line":29,"column":5}},{"start":{},"end":{}}]}},"s":{"0":1,"1":1,"2":1,"3":1,"4":1,"5":2,"6":2,"7":2,"8":1,"9":1,"10":1,"11":1},"f":{"0":2,"1":2},"b":{"0":[1,1]}}
,"/Users/pedroalves/Documents/nerv3/micro/auth-min/src/domain/auth/application/use-cases/list-permissions.ts": {"path":"/Users/pedroalves/Documents/nerv3/micro/auth-min/src/domain/auth/application/use-cases/list-permissions.ts","statementMap":{"0":{"start":{"line":1,"column":0},"end":{"line":1,"column":44}},"1":{"start":{"line":2,"column":0},"end":{"line":2,"column":46}},"2":{"start":{"line":4,"column":0},"end":{"line":4,"column":79}},"3":{"start":{"line":14,"column":7},"end":{"line":22,"column":null}},"4":{"start":{"line":15,"column":22},"end":{"line":15,"column":45}},"5":{"start":{"line":18,"column":24},"end":{"line":18,"column":67}},"6":{"start":{"line":20,"column":4},"end":{"line":20,"column":34}},"7":{"start":{"line":14,"column":13},"end":{"line":14,"column":35}},"8":{"start":{"line":14,"column":13},"end":{"line":22,"column":null}}},"fnMap":{"0":{"name":"(anonymous_2)","decl":{"start":{"line":15,"column":2},"end":{"line":15,"column":22}},"loc":{"start":{"line":15,"column":66},"end":{"line":15,"column":70}}},"1":{"name":"(anonymous_3)","decl":{"start":{"line":17,"column":2},"end":{"line":17,"column":7}},"loc":{"start":{"line":17,"column":15},"end":{"line":21,"column":3}}}},"branchMap":{},"s":{"0":1,"1":1,"2":1,"3":1,"4":2,"5":2,"6":2,"7":1,"8":1},"f":{"0":2,"1":2},"b":{}}
,"/Users/pedroalves/Documents/nerv3/micro/auth-min/src/domain/auth/application/use-cases/list-roles.ts": {"path":"/Users/pedroalves/Documents/nerv3/micro/auth-min/src/domain/auth/application/use-cases/list-roles.ts","statementMap":{"0":{"start":{"line":1,"column":0},"end":{"line":1,"column":44}},"1":{"start":{"line":2,"column":0},"end":{"line":2,"column":46}},"2":{"start":{"line":4,"column":0},"end":{"line":4,"column":67}},"3":{"start":{"line":14,"column":7},"end":{"line":22,"column":null}},"4":{"start":{"line":15,"column":22},"end":{"line":15,"column":39}},"5":{"start":{"line":18,"column":18},"end":{"line":18,"column":55}},"6":{"start":{"line":20,"column":4},"end":{"line":20,"column":28}},"7":{"start":{"line":14,"column":13},"end":{"line":14,"column":29}},"8":{"start":{"line":14,"column":13},"end":{"line":22,"column":null}}},"fnMap":{"0":{"name":"(anonymous_2)","decl":{"start":{"line":15,"column":2},"end":{"line":15,"column":22}},"loc":{"start":{"line":15,"column":54},"end":{"line":15,"column":58}}},"1":{"name":"(anonymous_3)","decl":{"start":{"line":17,"column":2},"end":{"line":17,"column":7}},"loc":{"start":{"line":17,"column":15},"end":{"line":21,"column":3}}}},"branchMap":{},"s":{"0":1,"1":1,"2":1,"3":1,"4":2,"5":2,"6":2,"7":1,"8":1},"f":{"0":2,"1":2},"b":{}}
,"/Users/pedroalves/Documents/nerv3/micro/auth-min/src/domain/auth/application/use-cases/refresh-access-token.ts": {"path":"/Users/pedroalves/Documents/nerv3/micro/auth-min/src/domain/auth/application/use-cases/refresh-access-token.ts","statementMap":{"0":{"start":{"line":1,"column":0},"end":{"line":1,"column":44}},"1":{"start":{"line":2,"column":0},"end":{"line":2,"column":52}},"2":{"start":{"line":3,"column":0},"end":{"line":3,"column":90}},"3":{"start":{"line":4,"column":0},"end":{"line":4,"column":105}},"4":{"start":{"line":5,"column":0},"end":{"line":5,"column":77}},"5":{"start":{"line":6,"column":0},"end":{"line":6,"column":54}},"6":{"start":{"line":8,"column":0},"end":{"line":8,"column":66}},"7":{"start":{"line":9,"column":0},"end":{"line":9,"column":80}},"8":{"start":{"line":10,"column":0},"end":{"line":10,"column":66}},"9":{"start":{"line":11,"column":0},"end":{"line":11,"column":83}},"10":{"start":{"line":29,"column":7},"end":{"line":79,"column":null}},"11":{"start":{"line":31,"column":12},"end":{"line":31,"column":28}},"12":{"start":{"line":32,"column":12},"end":{"line":32,"column":36}},"13":{"start":{"line":33,"column":12},"end":{"line":33,"column":23}},"14":{"start":{"line":39,"column":31},"end":{"line":40,"column":null}},"15":{"start":{"line":43,"column":4},"end":{"line":45,"column":5}},"16":{"start":{"line":44,"column":6},"end":{"line":44,"column":51}},"17":{"start":{"line":47,"column":4},"end":{"line":49,"column":5}},"18":{"start":{"line":48,"column":6},"end":{"line":48,"column":50}},"19":{"start":{"line":51,"column":17},"end":{"line":52,"column":null}},"20":{"start":{"line":55,"column":4},"end":{"line":57,"column":5}},"21":{"start":{"line":56,"column":6},"end":{"line":56,"column":79}},"22":{"start":{"line":59,"column":28},"end":{"line":62,"column":6}},"23":{"start":{"line":64,"column":33},"end":{"line":70,"column":6}},"24":{"start":{"line":72,"column":4},"end":{"line":72,"column":63}},"25":{"start":{"line":74,"column":4},"end":{"line":77,"column":7}},"26":{"start":{"line":29,"column":13},"end":{"line":29,"column":38}},"27":{"start":{"line":29,"column":13},"end":{"line":79,"column":null}}},"fnMap":{"0":{"name":"(anonymous_2)","decl":{"start":{"line":30,"column":2},"end":{"line":30,"column":null}},"loc":{"start":{"line":33,"column":32},"end":{"line":34,"column":6}}},"1":{"name":"(anonymous_3)","decl":{"start":{"line":36,"column":2},"end":{"line":36,"column":7}},"loc":{"start":{"line":38,"column":37},"end":{"line":78,"column":3}}}},"branchMap":{"0":{"loc":{"start":{"line":43,"column":4},"end":{"line":45,"column":5}},"type":"if","locations":[{"start":{"line":43,"column":4},"end":{"line":45,"column":5}},{"start":{},"end":{}}]},"1":{"loc":{"start":{"line":47,"column":4},"end":{"line":49,"column":5}},"type":"if","locations":[{"start":{"line":47,"column":4},"end":{"line":49,"column":5}},{"start":{},"end":{}}]},"2":{"loc":{"start":{"line":55,"column":4},"end":{"line":57,"column":5}},"type":"if","locations":[{"start":{"line":55,"column":4},"end":{"line":57,"column":5}},{"start":{},"end":{}}]}},"s":{"0":1,"1":1,"2":1,"3":1,"4":1,"5":1,"6":1,"7":1,"8":1,"9":1,"10":1,"11":5,"12":5,"13":5,"14":5,"15":5,"16":1,"17":4,"18":2,"19":2,"20":2,"21":1,"22":1,"23":1,"24":1,"25":1,"26":1,"27":1},"f":{"0":5,"1":5},"b":{"0":[1,4],"1":[2,2],"2":[1,1]}}
,"/Users/pedroalves/Documents/nerv3/micro/auth-min/src/domain/auth/application/use-cases/remove-role-from-user.ts": {"path":"/Users/pedroalves/Documents/nerv3/micro/auth-min/src/domain/auth/application/use-cases/remove-role-from-user.ts","statementMap":{"0":{"start":{"line":1,"column":0},"end":{"line":1,"column":44}},"1":{"start":{"line":2,"column":0},"end":{"line":2,"column":52}},"2":{"start":{"line":3,"column":0},"end":{"line":3,"column":67}},"3":{"start":{"line":4,"column":0},"end":{"line":4,"column":67}},"4":{"start":{"line":5,"column":0},"end":{"line":5,"column":66}},"5":{"start":{"line":6,"column":0},"end":{"line":6,"column":66}},"6":{"start":{"line":22,"column":7},"end":{"line":49,"column":null}},"7":{"start":{"line":24,"column":12},"end":{"line":24,"column":29}},"8":{"start":{"line":25,"column":12},"end":{"line":25,"column":29}},"9":{"start":{"line":32,"column":17},"end":{"line":32,"column":60}},"10":{"start":{"line":33,"column":4},"end":{"line":35,"column":5}},"11":{"start":{"line":34,"column":6},"end":{"line":34,"column":49}},"12":{"start":{"line":37,"column":17},"end":{"line":37,"column":60}},"13":{"start":{"line":38,"column":4},"end":{"line":40,"column":5}},"14":{"start":{"line":39,"column":6},"end":{"line":39,"column":49}},"15":{"start":{"line":42,"column":4},"end":{"line":42,"column":58}},"16":{"start":{"line":44,"column":4},"end":{"line":47,"column":7}},"17":{"start":{"line":22,"column":13},"end":{"line":22,"column":38}},"18":{"start":{"line":22,"column":13},"end":{"line":49,"column":null}}},"fnMap":{"0":{"name":"(anonymous_2)","decl":{"start":{"line":23,"column":2},"end":{"line":23,"column":null}},"loc":{"start":{"line":25,"column":44},"end":{"line":26,"column":6}}},"1":{"name":"(anonymous_3)","decl":{"start":{"line":28,"column":2},"end":{"line":28,"column":7}},"loc":{"start":{"line":31,"column":37},"end":{"line":48,"column":3}}}},"branchMap":{"0":{"loc":{"start":{"line":33,"column":4},"end":{"line":35,"column":5}},"type":"if","locations":[{"start":{"line":33,"column":4},"end":{"line":35,"column":5}},{"start":{},"end":{}}]},"1":{"loc":{"start":{"line":38,"column":4},"end":{"line":40,"column":5}},"type":"if","locations":[{"start":{"line":38,"column":4},"end":{"line":40,"column":5}},{"start":{},"end":{}}]}},"s":{"0":1,"1":1,"2":1,"3":1,"4":1,"5":1,"6":1,"7":4,"8":4,"9":4,"10":4,"11":1,"12":3,"13":3,"14":1,"15":2,"16":2,"17":1,"18":1},"f":{"0":4,"1":4},"b":{"0":[1,3],"1":[1,2]}}
,"/Users/pedroalves/Documents/nerv3/micro/auth-min/src/domain/auth/application/use-cases/revoke-all-devices.ts": {"path":"/Users/pedroalves/Documents/nerv3/micro/auth-min/src/domain/auth/application/use-cases/revoke-all-devices.ts","statementMap":{"0":{"start":{"line":1,"column":0},"end":{"line":1,"column":52}},"1":{"start":{"line":3,"column":0},"end":{"line":3,"column":94}},"2":{"start":{"line":4,"column":0},"end":{"line":4,"column":105}},"3":{"start":{"line":5,"column":0},"end":{"line":5,"column":90}},"4":{"start":{"line":8,"column":0},"end":{"line":8,"column":66}},"5":{"start":{"line":9,"column":0},"end":{"line":9,"column":44}},"6":{"start":{"line":23,"column":7},"end":{"line":55,"column":null}},"7":{"start":{"line":25,"column":12},"end":{"line":25,"column":36}},"8":{"start":{"line":26,"column":12},"end":{"line":26,"column":29}},"9":{"start":{"line":27,"column":12},"end":{"line":27,"column":31}},"10":{"start":{"line":33,"column":17},"end":{"line":33,"column":60}},"11":{"start":{"line":34,"column":4},"end":{"line":36,"column":5}},"12":{"start":{"line":35,"column":6},"end":{"line":35,"column":49}},"13":{"start":{"line":38,"column":20},"end":{"line":38,"column":73}},"14":{"start":{"line":40,"column":26},"end":{"line":41,"column":null}},"15":{"start":{"line":44,"column":4},"end":{"line":46,"column":5}},"16":{"start":{"line":45,"column":6},"end":{"line":45,"column":68}},"17":{"start":{"line":48,"column":4},"end":{"line":51,"column":5}},"18":{"start":{"line":49,"column":6},"end":{"line":49,"column":28}},"19":{"start":{"line":50,"column":6},"end":{"line":50,"column":48}},"20":{"start":{"line":53,"column":4},"end":{"line":53,"column":36}},"21":{"start":{"line":23,"column":13},"end":{"line":23,"column":36}},"22":{"start":{"line":23,"column":13},"end":{"line":55,"column":null}}},"fnMap":{"0":{"name":"(anonymous_2)","decl":{"start":{"line":24,"column":2},"end":{"line":24,"column":null}},"loc":{"start":{"line":27,"column":48},"end":{"line":28,"column":6}}},"1":{"name":"(anonymous_3)","decl":{"start":{"line":30,"column":2},"end":{"line":30,"column":7}},"loc":{"start":{"line":32,"column":35},"end":{"line":54,"column":3}}}},"branchMap":{"0":{"loc":{"start":{"line":34,"column":4},"end":{"line":36,"column":5}},"type":"if","locations":[{"start":{"line":34,"column":4},"end":{"line":36,"column":5}},{"start":{},"end":{}}]}},"s":{"0":1,"1":1,"2":1,"3":1,"4":1,"5":1,"6":1,"7":4,"8":4,"9":4,"10":4,"11":4,"12":1,"13":3,"14":3,"15":3,"16":2,"17":3,"18":5,"19":5,"20":3,"21":1,"22":1},"f":{"0":4,"1":4},"b":{"0":[1,3]}}
,"/Users/pedroalves/Documents/nerv3/micro/auth-min/src/domain/auth/application/use-cases/revoke-device-session.ts": {"path":"/Users/pedroalves/Documents/nerv3/micro/auth-min/src/domain/auth/application/use-cases/revoke-device-session.ts","statementMap":{"0":{"start":{"line":1,"column":0},"end":{"line":1,"column":44}},"1":{"start":{"line":2,"column":0},"end":{"line":2,"column":52}},"2":{"start":{"line":3,"column":0},"end":{"line":3,"column":82}},"3":{"start":{"line":4,"column":0},"end":{"line":4,"column":71}},"4":{"start":{"line":5,"column":0},"end":{"line":5,"column":83}},"5":{"start":{"line":6,"column":0},"end":{"line":6,"column":70}},"6":{"start":{"line":21,"column":7},"end":{"line":64,"column":null}},"7":{"start":{"line":23,"column":12},"end":{"line":23,"column":36}},"8":{"start":{"line":24,"column":12},"end":{"line":24,"column":31}},"9":{"start":{"line":32,"column":26},"end":{"line":32,"column":84}},"10":{"start":{"line":34,"column":4},"end":{"line":36,"column":5}},"11":{"start":{"line":35,"column":6},"end":{"line":35,"column":51}},"12":{"start":{"line":39,"column":4},"end":{"line":44,"column":5}},"13":{"start":{"line":40,"column":6},"end":{"line":43,"column":7}},"14":{"start":{"line":41,"column":8},"end":{"line":41,"column":30}},"15":{"start":{"line":42,"column":8},"end":{"line":42,"column":61}},"16":{"start":{"line":47,"column":19},"end":{"line":47,"column":66}},"17":{"start":{"line":48,"column":4},"end":{"line":50,"column":5}},"18":{"start":{"line":49,"column":6},"end":{"line":49,"column":53}},"19":{"start":{"line":53,"column":4},"end":{"line":55,"column":5}},"20":{"start":{"line":54,"column":6},"end":{"line":54,"column":53}},"21":{"start":{"line":57,"column":4},"end":{"line":57,"column":24}},"22":{"start":{"line":58,"column":4},"end":{"line":58,"column":46}},"23":{"start":{"line":60,"column":4},"end":{"line":62,"column":7}},"24":{"start":{"line":21,"column":13},"end":{"line":21,"column":39}},"25":{"start":{"line":21,"column":13},"end":{"line":64,"column":null}}},"fnMap":{"0":{"name":"(anonymous_2)","decl":{"start":{"line":22,"column":2},"end":{"line":22,"column":null}},"loc":{"start":{"line":24,"column":48},"end":{"line":25,"column":6}}},"1":{"name":"(anonymous_3)","decl":{"start":{"line":27,"column":2},"end":{"line":27,"column":7}},"loc":{"start":{"line":30,"column":38},"end":{"line":63,"column":3}}}},"branchMap":{"0":{"loc":{"start":{"line":34,"column":4},"end":{"line":36,"column":5}},"type":"if","locations":[{"start":{"line":34,"column":4},"end":{"line":36,"column":5}},{"start":{},"end":{}}]},"1":{"loc":{"start":{"line":40,"column":6},"end":{"line":43,"column":7}},"type":"if","locations":[{"start":{"line":40,"column":6},"end":{"line":43,"column":7}},{"start":{},"end":{}}]},"2":{"loc":{"start":{"line":48,"column":4},"end":{"line":50,"column":5}},"type":"if","locations":[{"start":{"line":48,"column":4},"end":{"line":50,"column":5}},{"start":{},"end":{}}]},"3":{"loc":{"start":{"line":53,"column":4},"end":{"line":55,"column":5}},"type":"if","locations":[{"start":{"line":53,"column":4},"end":{"line":55,"column":5}},{"start":{},"end":{}}]}},"s":{"0":1,"1":1,"2":1,"3":1,"4":1,"5":1,"6":1,"7":4,"8":4,"9":4,"10":4,"11":1,"12":3,"13":4,"14":4,"15":4,"16":3,"17":3,"18":0,"19":3,"20":1,"21":2,"22":2,"23":2,"24":1,"25":1},"f":{"0":4,"1":4},"b":{"0":[1,3],"1":[4,0],"2":[0,3],"3":[1,2]}}
,"/Users/pedroalves/Documents/nerv3/micro/auth-min/src/domain/auth/application/use-cases/revoke-user-device.ts": {"path":"/Users/pedroalves/Documents/nerv3/micro/auth-min/src/domain/auth/application/use-cases/revoke-user-device.ts","statementMap":{"0":{"start":{"line":1,"column":0},"end":{"line":1,"column":44}},"1":{"start":{"line":2,"column":0},"end":{"line":2,"column":52}},"2":{"start":{"line":3,"column":0},"end":{"line":3,"column":71}},"3":{"start":{"line":4,"column":0},"end":{"line":4,"column":82}},"4":{"start":{"line":5,"column":0},"end":{"line":5,"column":70}},"5":{"start":{"line":6,"column":0},"end":{"line":6,"column":90}},"6":{"start":{"line":19,"column":7},"end":{"line":60,"column":null}},"7":{"start":{"line":21,"column":12},"end":{"line":21,"column":31}},"8":{"start":{"line":22,"column":12},"end":{"line":22,"column":36}},"9":{"start":{"line":29,"column":19},"end":{"line":29,"column":66}},"10":{"start":{"line":31,"column":4},"end":{"line":33,"column":5}},"11":{"start":{"line":32,"column":6},"end":{"line":32,"column":53}},"12":{"start":{"line":36,"column":4},"end":{"line":38,"column":5}},"13":{"start":{"line":37,"column":6},"end":{"line":37,"column":55}},"14":{"start":{"line":41,"column":26},"end":{"line":42,"column":null}},"15":{"start":{"line":45,"column":4},"end":{"line":50,"column":5}},"16":{"start":{"line":46,"column":6},"end":{"line":49,"column":7}},"17":{"start":{"line":47,"column":8},"end":{"line":47,"column":30}},"18":{"start":{"line":48,"column":8},"end":{"line":48,"column":61}},"19":{"start":{"line":55,"column":4},"end":{"line":55,"column":26}},"20":{"start":{"line":56,"column":4},"end":{"line":56,"column":46}},"21":{"start":{"line":58,"column":4},"end":{"line":58,"column":28}},"22":{"start":{"line":19,"column":13},"end":{"line":19,"column":36}},"23":{"start":{"line":19,"column":13},"end":{"line":60,"column":null}}},"fnMap":{"0":{"name":"(anonymous_2)","decl":{"start":{"line":20,"column":2},"end":{"line":20,"column":null}},"loc":{"start":{"line":22,"column":58},"end":{"line":23,"column":6}}},"1":{"name":"(anonymous_3)","decl":{"start":{"line":25,"column":2},"end":{"line":25,"column":7}},"loc":{"start":{"line":28,"column":35},"end":{"line":59,"column":3}}}},"branchMap":{"0":{"loc":{"start":{"line":31,"column":4},"end":{"line":33,"column":5}},"type":"if","locations":[{"start":{"line":31,"column":4},"end":{"line":33,"column":5}},{"start":{},"end":{}}]},"1":{"loc":{"start":{"line":36,"column":4},"end":{"line":38,"column":5}},"type":"if","locations":[{"start":{"line":36,"column":4},"end":{"line":38,"column":5}},{"start":{},"end":{}}]},"2":{"loc":{"start":{"line":46,"column":6},"end":{"line":49,"column":7}},"type":"if","locations":[{"start":{"line":46,"column":6},"end":{"line":49,"column":7}},{"start":{},"end":{}}]}},"s":{"0":1,"1":1,"2":1,"3":1,"4":1,"5":1,"6":1,"7":4,"8":4,"9":4,"10":4,"11":1,"12":3,"13":1,"14":2,"15":2,"16":3,"17":3,"18":3,"19":2,"20":2,"21":2,"22":1,"23":1},"f":{"0":4,"1":4},"b":{"0":[1,3],"1":[1,2],"2":[3,0]}}
,"/Users/pedroalves/Documents/nerv3/micro/auth-min/src/domain/auth/application/use-cases/validate-token.ts": {"path":"/Users/pedroalves/Documents/nerv3/micro/auth-min/src/domain/auth/application/use-cases/validate-token.ts","statementMap":{"0":{"start":{"line":1,"column":0},"end":{"line":1,"column":44}},"1":{"start":{"line":2,"column":0},"end":{"line":2,"column":62}},"2":{"start":{"line":3,"column":0},"end":{"line":3,"column":65}},"3":{"start":{"line":4,"column":0},"end":{"line":4,"column":90}},"4":{"start":{"line":5,"column":0},"end":{"line":5,"column":65}},"5":{"start":{"line":14,"column":7},"end":{"line":46,"column":null}},"6":{"start":{"line":16,"column":12},"end":{"line":16,"column":28}},"7":{"start":{"line":17,"column":12},"end":{"line":17,"column":28}},"8":{"start":{"line":23,"column":20},"end":{"line":23,"column":61}},"9":{"start":{"line":25,"column":4},"end":{"line":27,"column":5}},"10":{"start":{"line":26,"column":6},"end":{"line":26,"column":43}},"11":{"start":{"line":30,"column":4},"end":{"line":32,"column":5}},"12":{"start":{"line":31,"column":6},"end":{"line":31,"column":43}},"13":{"start":{"line":34,"column":17},"end":{"line":34,"column":75}},"14":{"start":{"line":36,"column":4},"end":{"line":38,"column":5}},"15":{"start":{"line":37,"column":6},"end":{"line":37,"column":43}},"16":{"start":{"line":40,"column":4},"end":{"line":44,"column":7}},"17":{"start":{"line":14,"column":13},"end":{"line":14,"column":33}},"18":{"start":{"line":14,"column":13},"end":{"line":46,"column":null}}},"fnMap":{"0":{"name":"(anonymous_2)","decl":{"start":{"line":15,"column":2},"end":{"line":15,"column":null}},"loc":{"start":{"line":17,"column":42},"end":{"line":18,"column":6}}},"1":{"name":"(anonymous_3)","decl":{"start":{"line":20,"column":2},"end":{"line":20,"column":7}},"loc":{"start":{"line":21,"column":17},"end":{"line":45,"column":3}}}},"branchMap":{"0":{"loc":{"start":{"line":25,"column":4},"end":{"line":27,"column":5}},"type":"if","locations":[{"start":{"line":25,"column":4},"end":{"line":27,"column":5}},{"start":{},"end":{}}]},"1":{"loc":{"start":{"line":25,"column":8},"end":{"line":25,"column":46}},"type":"binary-expr","locations":[{"start":{"line":25,"column":8},"end":{"line":25,"column":16}},{"start":{"line":25,"column":20},"end":{"line":25,"column":46}}]},"2":{"loc":{"start":{"line":30,"column":4},"end":{"line":32,"column":5}},"type":"if","locations":[{"start":{"line":30,"column":4},"end":{"line":32,"column":5}},{"start":{},"end":{}}]},"3":{"loc":{"start":{"line":36,"column":4},"end":{"line":38,"column":5}},"type":"if","locations":[{"start":{"line":36,"column":4},"end":{"line":38,"column":5}},{"start":{},"end":{}}]}},"s":{"0":1,"1":1,"2":1,"3":1,"4":1,"5":1,"6":7,"7":7,"8":7,"9":7,"10":4,"11":3,"12":1,"13":2,"14":2,"15":1,"16":1,"17":1,"18":1},"f":{"0":7,"1":7},"b":{"0":[4,3],"1":[7,4],"2":[1,2],"3":[1,1]}}
,"/Users/pedroalves/Documents/nerv3/micro/auth-min/src/domain/auth/application/use-cases/errors/device-not-found-error.ts": {"path":"/Users/pedroalves/Documents/nerv3/micro/auth-min/src/domain/auth/application/use-cases/errors/device-not-found-error.ts","statementMap":{"0":{"start":{"line":5,"column":4},"end":{"line":5,"column":46}},"1":{"start":{"line":3,"column":0},"end":{"line":3,"column":13}}},"fnMap":{"0":{"name":"(anonymous_0)","decl":{"start":{"line":4,"column":2},"end":{"line":4,"column":14}},"loc":{"start":{"line":4,"column":30},"end":{"line":6,"column":3}}}},"branchMap":{},"s":{"0":2,"1":2},"f":{"0":2},"b":{}}
,"/Users/pedroalves/Documents/nerv3/micro/auth-min/src/domain/auth/application/use-cases/errors/invalid-credentials-error.ts": {"path":"/Users/pedroalves/Documents/nerv3/micro/auth-min/src/domain/auth/application/use-cases/errors/invalid-credentials-error.ts","statementMap":{"0":{"start":{"line":3,"column":4},"end":{"line":3,"column":33}},"1":{"start":{"line":1,"column":0},"end":{"line":1,"column":13}}},"fnMap":{"0":{"name":"(anonymous_0)","decl":{"start":{"line":2,"column":2},"end":{"line":2,"column":null}},"loc":{"start":{"line":2,"column":2},"end":{"line":4,"column":3}}}},"branchMap":{},"s":{"0":0,"1":0},"f":{"0":0},"b":{}}
,"/Users/pedroalves/Documents/nerv3/micro/auth-min/src/domain/auth/application/use-cases/errors/invalid-token-error.ts": {"path":"/Users/pedroalves/Documents/nerv3/micro/auth-min/src/domain/auth/application/use-cases/errors/invalid-token-error.ts","statementMap":{"0":{"start":{"line":3,"column":4},"end":{"line":3,"column":null}},"1":{"start":{"line":1,"column":0},"end":{"line":1,"column":13}}},"fnMap":{"0":{"name":"(anonymous_0)","decl":{"start":{"line":2,"column":2},"end":{"line":2,"column":null}},"loc":{"start":{"line":2,"column":2},"end":{"line":4,"column":3}}}},"branchMap":{},"s":{"0":6,"1":1},"f":{"0":6},"b":{}}
,"/Users/pedroalves/Documents/nerv3/micro/auth-min/src/domain/auth/application/use-cases/errors/permission-already-exists-error.ts": {"path":"/Users/pedroalves/Documents/nerv3/micro/auth-min/src/domain/auth/application/use-cases/errors/permission-already-exists-error.ts","statementMap":{"0":{"start":{"line":8,"column":4},"end":{"line":8,"column":55}},"1":{"start":{"line":3,"column":0},"end":{"line":3,"column":13}}},"fnMap":{"0":{"name":"(anonymous_0)","decl":{"start":{"line":7,"column":2},"end":{"line":7,"column":14}},"loc":{"start":{"line":7,"column":32},"end":{"line":9,"column":3}}}},"branchMap":{},"s":{"0":1,"1":1},"f":{"0":1},"b":{}}
,"/Users/pedroalves/Documents/nerv3/micro/auth-min/src/domain/auth/application/use-cases/errors/refresh-token-expired-error.ts": {"path":"/Users/pedroalves/Documents/nerv3/micro/auth-min/src/domain/auth/application/use-cases/errors/refresh-token-expired-error.ts","statementMap":{"0":{"start":{"line":3,"column":4},"end":{"line":3,"column":35}},"1":{"start":{"line":1,"column":0},"end":{"line":1,"column":13}}},"fnMap":{"0":{"name":"(anonymous_0)","decl":{"start":{"line":2,"column":2},"end":{"line":2,"column":null}},"loc":{"start":{"line":2,"column":2},"end":{"line":4,"column":3}}}},"branchMap":{},"s":{"0":2,"1":1},"f":{"0":2},"b":{}}
,"/Users/pedroalves/Documents/nerv3/micro/auth-min/src/domain/auth/application/use-cases/errors/refresh-token-not-found-error.ts": {"path":"/Users/pedroalves/Documents/nerv3/micro/auth-min/src/domain/auth/application/use-cases/errors/refresh-token-not-found-error.ts","statementMap":{"0":{"start":{"line":3,"column":4},"end":{"line":3,"column":37}},"1":{"start":{"line":1,"column":0},"end":{"line":1,"column":13}}},"fnMap":{"0":{"name":"(anonymous_0)","decl":{"start":{"line":2,"column":2},"end":{"line":2,"column":null}},"loc":{"start":{"line":2,"column":2},"end":{"line":4,"column":3}}}},"branchMap":{},"s":{"0":2,"1":2},"f":{"0":2},"b":{}}
,"/Users/pedroalves/Documents/nerv3/micro/auth-min/src/domain/auth/application/use-cases/errors/role-already-exists-error.ts": {"path":"/Users/pedroalves/Documents/nerv3/micro/auth-min/src/domain/auth/application/use-cases/errors/role-already-exists-error.ts","statementMap":{"0":{"start":{"line":5,"column":4},"end":{"line":5,"column":49}},"1":{"start":{"line":3,"column":0},"end":{"line":3,"column":13}}},"fnMap":{"0":{"name":"(anonymous_0)","decl":{"start":{"line":4,"column":2},"end":{"line":4,"column":14}},"loc":{"start":{"line":4,"column":32},"end":{"line":6,"column":3}}}},"branchMap":{},"s":{"0":2,"1":1},"f":{"0":2},"b":{}}
,"/Users/pedroalves/Documents/nerv3/micro/auth-min/src/domain/auth/application/use-cases/errors/role-not-found-error.ts": {"path":"/Users/pedroalves/Documents/nerv3/micro/auth-min/src/domain/auth/application/use-cases/errors/role-not-found-error.ts","statementMap":{"0":{"start":{"line":5,"column":4},"end":{"line":5,"column":40}},"1":{"start":{"line":3,"column":0},"end":{"line":3,"column":13}}},"fnMap":{"0":{"name":"(anonymous_0)","decl":{"start":{"line":4,"column":2},"end":{"line":4,"column":14}},"loc":{"start":{"line":4,"column":28},"end":{"line":6,"column":3}}}},"branchMap":{},"s":{"0":2,"1":2},"f":{"0":2},"b":{}}
,"/Users/pedroalves/Documents/nerv3/micro/auth-min/src/domain/auth/application/use-cases/errors/too-many-attempts-error.ts": {"path":"/Users/pedroalves/Documents/nerv3/micro/auth-min/src/domain/auth/application/use-cases/errors/too-many-attempts-error.ts","statementMap":{"0":{"start":{"line":3,"column":4},"end":{"line":3,"column":94}},"1":{"start":{"line":1,"column":0},"end":{"line":1,"column":13}}},"fnMap":{"0":{"name":"(anonymous_0)","decl":{"start":{"line":2,"column":2},"end":{"line":2,"column":14}},"loc":{"start":{"line":2,"column":35},"end":{"line":4,"column":3}}}},"branchMap":{},"s":{"0":0,"1":0},"f":{"0":0},"b":{}}
,"/Users/pedroalves/Documents/nerv3/micro/auth-min/src/domain/auth/application/use-cases/errors/unauthorized-device-access-error.ts": {"path":"/Users/pedroalves/Documents/nerv3/micro/auth-min/src/domain/auth/application/use-cases/errors/unauthorized-device-access-error.ts","statementMap":{"0":{"start":{"line":3,"column":4},"end":{"line":3,"column":43}},"1":{"start":{"line":4,"column":4},"end":{"line":4,"column":48}},"2":{"start":{"line":1,"column":0},"end":{"line":1,"column":13}}},"fnMap":{"0":{"name":"(anonymous_0)","decl":{"start":{"line":2,"column":2},"end":{"line":2,"column":null}},"loc":{"start":{"line":2,"column":2},"end":{"line":5,"column":3}}}},"branchMap":{},"s":{"0":1,"1":1,"2":1},"f":{"0":1},"b":{}}
,"/Users/pedroalves/Documents/nerv3/micro/auth-min/src/domain/auth/application/use-cases/errors/user-already-exists-error.ts": {"path":"/Users/pedroalves/Documents/nerv3/micro/auth-min/src/domain/auth/application/use-cases/errors/user-already-exists-error.ts","statementMap":{"0":{"start":{"line":3,"column":4},"end":{"line":3,"column":33}},"1":{"start":{"line":1,"column":0},"end":{"line":1,"column":13}}},"fnMap":{"0":{"name":"(anonymous_0)","decl":{"start":{"line":2,"column":2},"end":{"line":2,"column":null}},"loc":{"start":{"line":2,"column":2},"end":{"line":4,"column":3}}}},"branchMap":{},"s":{"0":1,"1":1},"f":{"0":1},"b":{}}
,"/Users/pedroalves/Documents/nerv3/micro/auth-min/src/domain/auth/application/use-cases/errors/user-not-found-error.ts": {"path":"/Users/pedroalves/Documents/nerv3/micro/auth-min/src/domain/auth/application/use-cases/errors/user-not-found-error.ts","statementMap":{"0":{"start":{"line":5,"column":4},"end":{"line":5,"column":46}},"1":{"start":{"line":3,"column":0},"end":{"line":3,"column":13}}},"fnMap":{"0":{"name":"(anonymous_0)","decl":{"start":{"line":4,"column":2},"end":{"line":4,"column":14}},"loc":{"start":{"line":4,"column":32},"end":{"line":6,"column":3}}}},"branchMap":{},"s":{"0":7,"1":7},"f":{"0":7},"b":{}}
[...]
,"/Users/pedroalves/Documents/nerv3/micro/auth-min/src/infra/http/controllers/auth/remove-role.controller.ts": {"path":"/Users/pedroalves/Documents/nerv3/micro/auth-min/src/infra/http/controllers/auth/remove-role.controller.ts","statementMap":{"0":{"start":{"line":1,"column":0},"end":{"line":1,"column":null}},"1":{"start":{"line":10,"column":0},"end":{"line":10,"column":null}},"2":{"start":{"line":16,"column":0},"end":{"line":16,"column":59}},"3":{"start":{"line":17,"column":0},"end":{"line":17,"column":89}},"4":{"start":{"line":18,"column":0},"end":{"line":18,"column":73}},"5":{"start":{"line":19,"column":0},"end":{"line":19,"column":102}},"6":{"start":{"line":20,"column":0},"end":{"line":20,"column":55}},"7":{"start":{"line":34,"column":7},"end":{"line":88,"column":null}},"8":{"start":{"line":35,"column":22},"end":{"line":35,"column":34}},"9":{"start":{"line":67,"column":31},"end":{"line":67,"column":35}},"10":{"start":{"line":68,"column":22},"end":{"line":68,"column":39}},"11":{"start":{"line":70,"column":19},"end":{"line":73,"column":6}},"12":{"start":{"line":75,"column":4},"end":{"line":78,"column":5}},"13":{"start":{"line":76,"column":20},"end":{"line":76,"column":32}},"14":{"start":{"line":77,"column":6},"end":{"line":77,"column":49}},"15":{"start":{"line":80,"column":4},"end":{"line":86,"column":6}},"16":{"start":{"line":34,"column":13},"end":{"line":34,"column":33}},"17":{"start":{"line":66,"column":8},"end":{"line":87,"column":null}},"18":{"start":{"line":34,"column":13},"end":{"line":88,"column":null}}},"fnMap":{"0":{"name":"(anonymous_4)","decl":{"start":{"line":35,"column":2},"end":{"line":35,"column":22}},"loc":{"start":{"line":35,"column":59},"end":{"line":35,"column":63}}},"1":{"name":"(anonymous_5)","decl":{"start":{"line":66,"column":8},"end":{"line":66,"column":14}},"loc":{"start":{"line":66,"column":75},"end":{"line":87,"column":3}}}},"branchMap":{"0":{"loc":{"start":{"line":75,"column":4},"end":{"line":78,"column":5}},"type":"if","locations":[{"start":{"line":75,"column":4},"end":{"line":78,"column":5}},{"start":{},"end":{}}]}},"s":{"0":0,"1":0,"2":0,"3":0,"4":0,"5":0,"6":0,"7":0,"8":0,"9":0,"10":0,"11":0,"12":0,"13":0,"14":0,"15":0,"16":0,"17":0,"18":0},"f":{"0":0,"1":0},"b":{"0":[0,0]}}
,"/Users/pedroalves/Documents/nerv3/micro/auth-min/src/infra/http/controllers/auth/revoke-all-devices.controller.ts": {"path":"/Users/pedroalves/Documents/nerv3/micro/auth-min/src/infra/http/controllers/auth/revoke-all-devices.controller.ts","statementMap":{"0":{"start":{"line":1,"column":0},"end":{"line":1,"column":77}},"1":{"start":{"line":2,"column":0},"end":{"line":2,"column":104}},"2":{"start":{"line":3,"column":0},"end":{"line":3,"column":100}},"3":{"start":{"line":4,"column":0},"end":{"line":4,"column":97}},"4":{"start":{"line":5,"column":0},"end":{"line":5,"column":60}},"5":{"start":{"line":8,"column":7},"end":{"line":37,"column":null}},"6":{"start":{"line":9,"column":31},"end":{"line":9,"column":49}},"7":{"start":{"line":17,"column":19},"end":{"line":19,"column":6}},"8":{"start":{"line":21,"column":4},"end":{"line":30,"column":5}},"9":{"start":{"line":22,"column":20},"end":{"line":22,"column":32}},"10":{"start":{"line":24,"column":6},"end":{"line":29,"column":7}},"11":{"start":{"line":26,"column":10},"end":{"line":26,"column":68}},"12":{"start":{"line":28,"column":10},"end":{"line":28,"column":58}},"13":{"start":{"line":32,"column":4},"end":{"line":35,"column":6}},"14":{"start":{"line":8,"column":13},"end":{"line":8,"column":39}},"15":{"start":{"line":16,"column":8},"end":{"line":36,"column":null}},"16":{"start":{"line":8,"column":13},"end":{"line":37,"column":null}}},"fnMap":{"0":{"name":"(anonymous_4)","decl":{"start":{"line":9,"column":2},"end":{"line":9,"column":31}},"loc":{"start":{"line":9,"column":72},"end":{"line":9,"column":76}}},"1":{"name":"(anonymous_5)","decl":{"start":{"line":16,"column":8},"end":{"line":16,"column":14}},"loc":{"start":{"line":16,"column":46},"end":{"line":36,"column":3}}}},"branchMap":{"0":{"loc":{"start":{"line":21,"column":4},"end":{"line":30,"column":5}},"type":"if","locations":[{"start":{"line":21,"column":4},"end":{"line":30,"column":5}},{"start":{},"end":{}}]},"1":{"loc":{"start":{"line":24,"column":6},"end":{"line":29,"column":7}},"type":"switch","locations":[{"start":{"line":25,"column":8},"end":{"line":26,"column":68}},{"start":{"line":27,"column":8},"end":{"line":28,"column":58}}]}},"s":{"0":0,"1":0,"2":0,"3":0,"4":0,"5":0,"6":0,"7":0,"8":0,"9":0,"10":0,"11":0,"12":0,"13":0,"14":0,"15":0,"16":0},"f":{"0":0,"1":0},"b":{"0":[0,0],"1":[0,0]}}
,"/Users/pedroalves/Documents/nerv3/micro/auth-min/src/infra/http/controllers/auth/revoke-device-session.controller.ts": {"path":"/Users/pedroalves/Documents/nerv3/micro/auth-min/src/infra/http/controllers/auth/revoke-device-session.controller.ts","statementMap":{"0":{"start":{"line":1,"column":0},"end":{"line":1,"column":null}},"1":{"start":{"line":11,"column":0},"end":{"line":11,"column":59}},"2":{"start":{"line":12,"column":0},"end":{"line":12,"column":103}},"3":{"start":{"line":13,"column":0},"end":{"line":13,"column":66}},"4":{"start":{"line":14,"column":0},"end":{"line":14,"column":117}},"5":{"start":{"line":15,"column":0},"end":{"line":15,"column":104}},"6":{"start":{"line":16,"column":0},"end":{"line":16,"column":46}},"7":{"start":{"line":17,"column":0},"end":{"line":17,"column":47}},"8":{"start":{"line":21,"column":7},"end":{"line":68,"column":null}},"9":{"start":{"line":22,"column":22},"end":{"line":22,"column":50}},"10":{"start":{"line":34,"column":19},"end":{"line":34,"column":35}},"11":{"start":{"line":36,"column":19},"end":{"line":39,"column":6}},"12":{"start":{"line":41,"column":4},"end":{"line":61,"column":5}},"13":{"start":{"line":42,"column":20},"end":{"line":42,"column":32}},"14":{"start":{"line":44,"column":6},"end":{"line":60,"column":7}},"15":{"start":{"line":46,"column":10},"end":{"line":49,"column":12}},"16":{"start":{"line":51,"column":10},"end":{"line":54,"column":12}},"17":{"start":{"line":56,"column":10},"end":{"line":59,"column":12}},"18":{"start":{"line":63,"column":4},"end":{"line":66,"column":6}},"19":{"start":{"line":21,"column":13},"end":{"line":21,"column":42}},"20":{"start":{"line":33,"column":8},"end":{"line":67,"column":null}},"21":{"start":{"line":21,"column":13},"end":{"line":68,"column":null}}},"fnMap":{"0":{"name":"(anonymous_4)","decl":{"start":{"line":22,"column":2},"end":{"line":22,"column":22}},"loc":{"start":{"line":22,"column":76},"end":{"line":22,"column":80}}},"1":{"name":"(anonymous_5)","decl":{"start":{"line":33,"column":8},"end":{"line":33,"column":14}},"loc":{"start":{"line":33,"column":76},"end":{"line":67,"column":3}}}},"branchMap":{"0":{"loc":{"start":{"line":41,"column":4},"end":{"line":61,"column":5}},"type":"if","locations":[{"start":{"line":41,"column":4},"end":{"line":61,"column":5}},{"start":{},"end":{}}]},"1":{"loc":{"start":{"line":44,"column":6},"end":{"line":60,"column":7}},"type":"switch","locations":[{"start":{"line":45,"column":8},"end":{"line":49,"column":12}},{"start":{"line":50,"column":8},"end":{"line":54,"column":12}},{"start":{"line":55,"column":8},"end":{"line":59,"column":12}}]}},"s":{"0":0,"1":0,"2":0,"3":0,"4":0,"5":0,"6":0,"7":0,"8":0,"9":0,"10":0,"11":0,"12":0,"13":0,"14":0,"15":0,"16":0,"17":0,"18":0,"19":0,"20":0,"21":0},"f":{"0":0,"1":0},"b":{"0":[0,0],"1":[0,0,0]}}
,"/Users/pedroalves/Documents/nerv3/micro/auth-min/src/infra/http/controllers/dto/assign-role-dto.ts": {"path":"/Users/pedroalves/Documents/nerv3/micro/auth-min/src/infra/http/controllers/dto/assign-role-dto.ts","statementMap":{"0":{"start":{"line":1,"column":0},"end":{"line":1,"column":46}},"1":{"start":{"line":2,"column":0},"end":{"line":2,"column":51}},"2":{"start":{"line":4,"column":0},"end":{"line":4,"column":13}},"3":{"start":{"line":11,"column":2},"end":{"line":11,"column":null}},"4":{"start":{"line":19,"column":2},"end":{"line":19,"column":null}}},"fnMap":{},"branchMap":{},"s":{"0":0,"1":0,"2":0,"3":0,"4":0},"f":{},"b":{}}
,"/Users/pedroalves/Documents/nerv3/micro/auth-min/src/infra/http/controllers/dto/authenticate-device-dto.ts": {"path":"/Users/pedroalves/Documents/nerv3/micro/auth-min/src/infra/http/controllers/dto/authenticate-device-dto.ts","statementMap":{"0":{"start":{"line":1,"column":0},"end":{"line":1,"column":64}},"1":{"start":{"line":3,"column":0},"end":{"line":3,"column":13}},"2":{"start":{"line":6,"column":2},"end":{"line":6,"column":null}},"3":{"start":{"line":9,"column":2},"end":{"line":9,"column":null}}},"fnMap":{},"branchMap":{},"s":{"0":0,"1":0,"2":0,"3":0},"f":{},"b":{}}
,"/Users/pedroalves/Documents/nerv3/micro/auth-min/src/infra/http/controllers/dto/create-permission-dto.ts": {"path":"/Users/pedroalves/Documents/nerv3/micro/auth-min/src/infra/http/controllers/dto/create-permission-dto.ts","statementMap":{"0":{"start":{"line":1,"column":0},"end":{"line":1,"column":46}},"1":{"start":{"line":2,"column":0},"end":{"line":2,"column":66}},"2":{"start":{"line":4,"column":0},"end":{"line":4,"column":13}},"3":{"start":{"line":11,"column":2},"end":{"line":11,"column":null}},"4":{"start":{"line":19,"column":2},"end":{"line":19,"column":null}},"5":{"start":{"line":27,"column":2},"end":{"line":27,"column":null}},"6":{"start":{"line":36,"column":2},"end":{"line":36,"column":null}}},"fnMap":{},"branchMap":{},"s":{"0":0,"1":0,"2":0,"3":0,"4":0,"5":0,"6":0},"f":{},"b":{}}
,"/Users/pedroalves/Documents/nerv3/micro/auth-min/src/infra/http/controllers/dto/create-role-dto.ts": {"path":"/Users/pedroalves/Documents/nerv3/micro/auth-min/src/infra/http/controllers/dto/create-role-dto.ts","statementMap":{"0":{"start":{"line":1,"column":0},"end":{"line":1,"column":46}},"1":{"start":{"line":2,"column":0},"end":{"line":2,"column":79}},"2":{"start":{"line":4,"column":0},"end":{"line":4,"column":13}},"3":{"start":{"line":7,"column":2},"end":{"line":7,"column":null}},"4":{"start":{"line":12,"column":2},"end":{"line":12,"column":null}},"5":{"start":{"line":20,"column":2},"end":{"line":20,"column":null}},"6":{"start":{"line":30,"column":2},"end":{"line":30,"column":null}}},"fnMap":{},"branchMap":{},"s":{"0":0,"1":0,"2":0,"3":0,"4":0,"5":0,"6":0},"f":{},"b":{}}
,"/Users/pedroalves/Documents/nerv3/micro/auth-min/src/infra/http/controllers/dto/create-user-dto.ts": {"path":"/Users/pedroalves/Documents/nerv3/micro/auth-min/src/infra/http/controllers/dto/create-user-dto.ts","statementMap":{"0":{"start":{"line":1,"column":0},"end":{"line":1,"column":75}},"1":{"start":{"line":3,"column":0},"end":{"line":3,"column":13}},"2":{"start":{"line":6,"column":2},"end":{"line":6,"column":null}},"3":{"start":{"line":11,"column":2},"end":{"line":11,"column":null}},"4":{"start":{"line":15,"column":2},"end":{"line":15,"column":null}}},"fnMap":{},"branchMap":{},"s":{"0":0,"1":0,"2":0,"3":0,"4":0},"f":{},"b":{}}
,"/Users/pedroalves/Documents/nerv3/micro/auth-min/src/infra/http/controllers/dto/get-user-by-email-dto.ts": {"path":"/Users/pedroalves/Documents/nerv3/micro/auth-min/src/infra/http/controllers/dto/get-user-by-email-dto.ts","statementMap":{"0":{"start":{"line":1,"column":0},"end":{"line":1,"column":53}},"1":{"start":{"line":3,"column":0},"end":{"line":3,"column":13}},"2":{"start":{"line":6,"column":2},"end":{"line":6,"column":null}}},"fnMap":{},"branchMap":{},"s":{"0":0,"1":0,"2":0},"f":{},"b":{}}
,"/Users/pedroalves/Documents/nerv3/micro/auth-min/src/infra/http/controllers/dto/get-user-by-id-dto.ts": {"path":"/Users/pedroalves/Documents/nerv3/micro/auth-min/src/infra/http/controllers/dto/get-user-by-id-dto.ts","statementMap":{"0":{"start":{"line":1,"column":0},"end":{"line":1,"column":55}},"1":{"start":{"line":3,"column":0},"end":{"line":3,"column":13}},"2":{"start":{"line":6,"column":2},"end":{"line":6,"column":null}}},"fnMap":{},"branchMap":{},"s":{"0":0,"1":0,"2":0},"f":{},"b":{}}
,"/Users/pedroalves/Documents/nerv3/micro/auth-min/src/infra/http/controllers/dto/refresh-access-token-dto.ts": {"path":"/Users/pedroalves/Documents/nerv3/micro/auth-min/src/infra/http/controllers/dto/refresh-access-token-dto.ts","statementMap":{"0":{"start":{"line":1,"column":0},"end":{"line":1,"column":55}},"1":{"start":{"line":3,"column":0},"end":{"line":3,"column":13}},"2":{"start":{"line":6,"column":2},"end":{"line":6,"column":null}}},"fnMap":{},"branchMap":{},"s":{"0":0,"1":0,"2":0},"f":{},"b":{}}
,"/Users/pedroalves/Documents/nerv3/micro/auth-min/src/infra/http/controllers/dto/remove-role-dto.ts": {"path":"/Users/pedroalves/Documents/nerv3/micro/auth-min/src/infra/http/controllers/dto/remove-role-dto.ts","statementMap":{"0":{"start":{"line":1,"column":0},"end":{"line":1,"column":46}},"1":{"start":{"line":2,"column":0},"end":{"line":2,"column":51}},"2":{"start":{"line":4,"column":0},"end":{"line":4,"column":13}},"3":{"start":{"line":11,"column":2},"end":{"line":11,"column":null}},"4":{"start":{"line":19,"column":2},"end":{"line":19,"column":null}}},"fnMap":{},"branchMap":{},"s":{"0":0,"1":0,"2":0,"3":0,"4":0},"f":{},"b":{}}
,"/Users/pedroalves/Documents/nerv3/micro/auth-min/src/infra/http/controllers/dto/revoke-device-dto.ts": {"path":"/Users/pedroalves/Documents/nerv3/micro/auth-min/src/infra/http/controllers/dto/revoke-device-dto.ts","statementMap":{"0":{"start":{"line":1,"column":0},"end":{"line":1,"column":54}},"1":{"start":{"line":3,"column":0},"end":{"line":3,"column":13}},"2":{"start":{"line":6,"column":2},"end":{"line":6,"column":null}}},"fnMap":{},"branchMap":{},"s":{"0":0,"1":0,"2":0},"f":{},"b":{}}
,"/Users/pedroalves/Documents/nerv3/micro/auth-min/src/infra/http/presenters/access-token-presenter.ts": {"path":"/Users/pedroalves/Documents/nerv3/micro/auth-min/src/infra/http/presenters/access-token-presenter.ts","statementMap":{"0":{"start":{"line":5,"column":4},"end":{"line":8,"column":null}},"1":{"start":{"line":3,"column":0},"end":{"line":3,"column":13}}},"fnMap":{"0":{"name":"(anonymous_0)","decl":{"start":{"line":4,"column":2},"end":{"line":4,"column":8}},"loc":{"start":{"line":4,"column":40},"end":{"line":9,"column":3}}}},"branchMap":{},"s":{"0":0,"1":0},"f":{"0":0},"b":{}}
,"/Users/pedroalves/Documents/nerv3/micro/auth-min/src/infra/http/presenters/device-presenter.ts": {"path":"/Users/pedroalves/Documents/nerv3/micro/auth-min/src/infra/http/presenters/device-presenter.ts","statementMap":{"0":{"start":{"line":1,"column":0},"end":{"line":1,"column":53}},"1":{"start":{"line":6,"column":4},"end":{"line":14,"column":null}},"2":{"start":{"line":4,"column":0},"end":{"line":4,"column":13}}},"fnMap":{"0":{"name":"(anonymous_0)","decl":{"start":{"line":5,"column":2},"end":{"line":5,"column":8}},"loc":{"start":{"line":5,"column":56},"end":{"line":15,"column":3}}}},"branchMap":{"0":{"loc":{"start":{"line":9,"column":16},"end":{"line":9,"column":92}},"type":"cond-expr","locations":[{"start":{"line":9,"column":48},"end":{"line":9,"column":74}},{"start":{"line":9,"column":77},"end":{"line":9,"column":92}}]}},"s":{"0":0,"1":0,"2":0},"f":{"0":0},"b":{"0":[0,0]}}
,"/Users/pedroalves/Documents/nerv3/micro/auth-min/src/infra/http/presenters/list-user-presenter.ts": {"path":"/Users/pedroalves/Documents/nerv3/micro/auth-min/src/infra/http/presenters/list-user-presenter.ts","statementMap":{"0":{"start":{"line":5,"column":4},"end":{"line":10,"column":6}},"1":{"start":{"line":14,"column":4},"end":{"line":21,"column":6}},"2":{"start":{"line":25,"column":4},"end":{"line":31,"column":6}},"3":{"start":{"line":3,"column":0},"end":{"line":3,"column":13}}},"fnMap":{"0":{"name":"(anonymous_0)","decl":{"start":{"line":4,"column":2},"end":{"line":4,"column":8}},"loc":{"start":{"line":4,"column":26},"end":{"line":11,"column":3}}},"1":{"name":"(anonymous_1)","decl":{"start":{"line":13,"column":2},"end":{"line":13,"column":8}},"loc":{"start":{"line":13,"column":33},"end":{"line":22,"column":3}}},"2":{"name":"(anonymous_2)","decl":{"start":{"line":24,"column":2},"end":{"line":24,"column":8}},"loc":{"start":{"line":24,"column":37},"end":{"line":32,"column":3}}}},"branchMap":{},"s":{"0":0,"1":0,"2":0,"3":0},"f":{"0":0,"1":0,"2":0},"b":{}}
,"/Users/pedroalves/Documents/nerv3/micro/auth-min/src/infra/http/presenters/permission-presenter.ts": {"path":"/Users/pedroalves/Documents/nerv3/micro/auth-min/src/infra/http/presenters/permission-presenter.ts","statementMap":{"0":{"start":{"line":5,"column":4},"end":{"line":14,"column":6}},"1":{"start":{"line":18,"column":4},"end":{"line":18,"column":68}},"2":{"start":{"line":18,"column":43},"end":{"line":18,"column":66}},"3":{"start":{"line":3,"column":0},"end":{"line":3,"column":13}}},"fnMap":{"0":{"name":"(anonymous_0)","decl":{"start":{"line":4,"column":2},"end":{"line":4,"column":8}},"loc":{"start":{"line":4,"column":38},"end":{"line":15,"column":3}}},"1":{"name":"(anonymous_1)","decl":{"start":{"line":17,"column":2},"end":{"line":17,"column":8}},"loc":{"start":{"line":17,"column":45},"end":{"line":19,"column":3}}},"2":{"name":"(anonymous_2)","decl":{"start":{"line":18,"column":27},"end":{"line":18,"column":28}},"loc":{"start":{"line":18,"column":43},"end":{"line":18,"column":66}}}},"branchMap":{},"s":{"0":0,"1":0,"2":0,"3":0},"f":{"0":0,"1":0,"2":0},"b":{}}
,"/Users/pedroalves/Documents/nerv3/micro/auth-min/src/infra/http/presenters/refresh-token-presenter.ts": {"path":"/Users/pedroalves/Documents/nerv3/micro/auth-min/src/infra/http/presenters/refresh-token-presenter.ts","statementMap":{"0":{"start":{"line":5,"column":4},"end":{"line":8,"column":null}},"1":{"start":{"line":3,"column":0},"end":{"line":3,"column":13}}},"fnMap":{"0":{"name":"(anonymous_0)","decl":{"start":{"line":4,"column":2},"end":{"line":4,"column":8}},"loc":{"start":{"line":4,"column":42},"end":{"line":9,"column":3}}}},"branchMap":{},"s":{"0":0,"1":0},"f":{"0":0},"b":{}}
,"/Users/pedroalves/Documents/nerv3/micro/auth-min/src/infra/http/presenters/role-presenter.ts": {"path":"/Users/pedroalves/Documents/nerv3/micro/auth-min/src/infra/http/presenters/role-presenter.ts","statementMap":{"0":{"start":{"line":5,"column":4},"end":{"line":14,"column":6}},"1":{"start":{"line":18,"column":4},"end":{"line":18,"column":50}},"2":{"start":{"line":18,"column":31},"end":{"line":18,"column":48}},"3":{"start":{"line":3,"column":0},"end":{"line":3,"column":13}}},"fnMap":{"0":{"name":"(anonymous_0)","decl":{"start":{"line":4,"column":2},"end":{"line":4,"column":8}},"loc":{"start":{"line":4,"column":26},"end":{"line":15,"column":3}}},"1":{"name":"(anonymous_1)","decl":{"start":{"line":17,"column":2},"end":{"line":17,"column":8}},"loc":{"start":{"line":17,"column":33},"end":{"line":19,"column":3}}},"2":{"name":"(anonymous_2)","decl":{"start":{"line":18,"column":21},"end":{"line":18,"column":22}},"loc":{"start":{"line":18,"column":31},"end":{"line":18,"column":48}}}},"branchMap":{},"s":{"0":0,"1":0,"2":0,"3":0},"f":{"0":0,"1":0,"2":0},"b":{}}
}
