TN:
SF:src/core/either.ts
FN:5,(anonymous_0)
FN:9,(anonymous_1)
FN:13,(anonymous_2)
FN:22,(anonymous_3)
FN:26,(anonymous_4)
FN:30,(anonymous_5)
FN:37,(anonymous_6)
FN:41,(anonymous_7)
FNF:8
FNH:6
FNDA:28,(anonymous_0)
FNDA:0,(anonymous_1)
FNDA:28,(anonymous_2)
FNDA:35,(anonymous_3)
FNDA:56,(anonymous_4)
FNDA:0,(anonymous_5)
FNDA:28,(anonymous_6)
FNDA:35,(anonymous_7)
DA:2,16
DA:6,28
DA:10,0
DA:14,28
DA:19,16
DA:23,35
DA:27,56
DA:31,0
DA:37,16
DA:38,28
DA:41,16
DA:42,35
LF:12
LH:10
BRF:0
BRH:0
end_of_record
TN:
SF:src/core/entities/aggregate-root.ts
FN:5,(anonymous_0)
FN:8,(anonymous_1)
FN:12,(anonymous_2)
FN:17,(anonymous_3)
FNF:4
FNH:0
FNDA:0,(anonymous_0)
FNDA:0,(anonymous_1)
FNDA:0,(anonymous_2)
FNDA:0,(anonymous_3)
DA:2,0
DA:3,0
DA:5,0
DA:6,0
DA:9,0
DA:13,0
DA:14,0
DA:18,0
LF:8
LH:0
BRF:0
BRH:0
end_of_record
TN:
SF:src/core/entities/entity.ts
FN:7,(anonymous_0)
FN:11,(anonymous_1)
FN:17,(anonymous_2)
FNF:3
FNH:2
FNDA:229,(anonymous_0)
FNDA:101,(anonymous_1)
FNDA:0,(anonymous_2)
DA:1,16
DA:3,16
DA:8,229
DA:12,101
DA:13,101
DA:18,0
DA:19,0
DA:22,0
DA:23,0
DA:26,0
LF:10
LH:5
BRDA:13,0,0,101
BRDA:13,0,1,97
BRDA:18,1,0,0
BRDA:18,1,1,0
BRDA:22,2,0,0
BRDA:22,2,1,0
BRF:6
BRH:2
end_of_record
TN:
SF:src/core/entities/unique-entity-id.ts
FN:6,(anonymous_0)
FN:10,(anonymous_1)
FN:14,(anonymous_2)
FN:18,(anonymous_3)
FNF:4
FNH:2
FNDA:176,(anonymous_0)
FNDA:0,(anonymous_1)
FNDA:156,(anonymous_2)
FNDA:0,(anonymous_3)
DA:1,16
DA:3,16
DA:7,176
DA:11,0
DA:15,156
DA:19,0
LF:6
LH:4
BRDA:15,0,0,156
BRDA:15,0,1,97
BRF:2
BRH:2
end_of_record
TN:
SF:src/core/entities/watched-list.ts
FN:7,(anonymous_0)
FN:16,(anonymous_1)
FN:20,(anonymous_2)
FN:24,(anonymous_3)
FN:28,(anonymous_4)
FN:29,(anonymous_5)
FN:32,(anonymous_6)
FN:33,(anonymous_7)
FN:36,(anonymous_8)
FN:37,(anonymous_9)
FN:40,(anonymous_10)
FN:41,(anonymous_11)
FN:44,(anonymous_12)
FN:45,(anonymous_13)
FN:48,(anonymous_14)
FN:49,(anonymous_15)
FN:52,(anonymous_16)
FN:53,(anonymous_17)
FN:56,(anonymous_18)
FN:60,(anonymous_19)
FN:74,(anonymous_20)
FN:88,(anonymous_21)
FN:89,(anonymous_22)
FN:90,(anonymous_23)
FN:93,(anonymous_24)
FN:94,(anonymous_25)
FNF:26
FNH:0
FNDA:0,(anonymous_0)
FNDA:0,(anonymous_1)
FNDA:0,(anonymous_2)
FNDA:0,(anonymous_3)
FNDA:0,(anonymous_4)
FNDA:0,(anonymous_5)
FNDA:0,(anonymous_6)
FNDA:0,(anonymous_7)
FNDA:0,(anonymous_8)
FNDA:0,(anonymous_9)
FNDA:0,(anonymous_10)
FNDA:0,(anonymous_11)
FNDA:0,(anonymous_12)
FNDA:0,(anonymous_13)
FNDA:0,(anonymous_14)
FNDA:0,(anonymous_15)
FNDA:0,(anonymous_16)
FNDA:0,(anonymous_17)
FNDA:0,(anonymous_18)
FNDA:0,(anonymous_19)
FNDA:0,(anonymous_20)
FNDA:0,(anonymous_21)
FNDA:0,(anonymous_22)
FNDA:0,(anonymous_23)
FNDA:0,(anonymous_24)
FNDA:0,(anonymous_25)
DA:1,0
DA:8,0
DA:9,0
DA:10,0
DA:11,0
DA:17,0
DA:21,0
DA:25,0
DA:29,0
DA:33,0
DA:37,0
DA:41,0
DA:45,0
DA:49,0
DA:53,0
DA:57,0
DA:61,0
DA:62,0
DA:65,0
DA:66,0
DA:69,0
DA:70,0
DA:75,0
DA:77,0
DA:78,0
DA:80,0
DA:83,0
DA:84,0
DA:89,0
DA:90,0
DA:93,0
DA:94,0
DA:97,0
DA:98,0
DA:99,0
LF:35
LH:0
BRDA:8,0,0,0
BRDA:8,0,1,0
BRDA:9,1,0,0
BRDA:9,1,1,0
BRDA:61,2,0,0
BRDA:61,2,1,0
BRDA:65,3,0,0
BRDA:65,3,1,0
BRDA:65,4,0,0
BRDA:65,4,1,0
BRDA:69,5,0,0
BRDA:69,5,1,0
BRDA:77,6,0,0
BRDA:77,6,1,0
BRDA:83,7,0,0
BRDA:83,7,1,0
BRF:16
BRH:0
end_of_record
TN:
SF:src/core/errors/errors/not-allowed-error.ts
FN:4,(anonymous_0)
FNF:1
FNH:0
FNDA:0,(anonymous_0)
DA:3,0
DA:5,0
LF:2
LH:0
BRF:0
BRH:0
end_of_record
TN:
SF:src/core/errors/errors/resource-not-found-error.ts
FN:4,(anonymous_0)
FNF:1
FNH:0
FNDA:0,(anonymous_0)
DA:3,0
DA:5,0
LF:2
LH:0
BRF:0
BRH:0
end_of_record
TN:
SF:src/core/events/domain-events.ts
FN:12,(anonymous_0)
FN:14,(anonymous_1)
FN:21,(anonymous_2)
FN:29,(anonymous_3)
FN:30,(anonymous_4)
FN:33,(anonymous_5)
FN:34,(anonymous_6)
FN:38,(anonymous_7)
FN:39,(anonymous_8)
FN:42,(anonymous_9)
FN:52,(anonymous_10)
FN:62,(anonymous_11)
FN:66,(anonymous_12)
FN:70,(anonymous_13)
FNF:14
FNH:0
FNDA:0,(anonymous_0)
FNDA:0,(anonymous_1)
FNDA:0,(anonymous_2)
FNDA:0,(anonymous_3)
FNDA:0,(anonymous_4)
FNDA:0,(anonymous_5)
FNDA:0,(anonymous_6)
FNDA:0,(anonymous_7)
FNDA:0,(anonymous_8)
FNDA:0,(anonymous_9)
FNDA:0,(anonymous_10)
FNDA:0,(anonymous_11)
FNDA:0,(anonymous_12)
FNDA:0,(anonymous_13)
DA:7,0
DA:9,0
DA:10,0
DA:15,0
DA:16,0
DA:18,0
DA:22,0
DA:24,0
DA:25,0
DA:30,0
DA:34,0
DA:35,0
DA:39,0
DA:43,0
DA:45,0
DA:46,0
DA:47,0
DA:48,0
DA:53,0
DA:55,0
DA:56,0
DA:59,0
DA:63,0
DA:67,0
DA:71,0
DA:72,0
DA:74,0
DA:75,0
DA:77,0
DA:78,0
DA:79,0
DA:81,0
LF:32
LH:0
BRDA:15,0,0,0
BRDA:15,0,1,0
BRDA:24,1,0,0
BRDA:24,1,1,0
BRDA:45,2,0,0
BRDA:45,2,1,0
BRDA:55,3,0,0
BRDA:55,3,1,0
BRDA:74,4,0,0
BRDA:74,4,1,0
BRF:10
BRH:0
end_of_record
TN:
SF:src/core/utils/format-date.ts
FN:1,formatDate
FNF:1
FNH:0
FNDA:0,formatDate
DA:1,0
DA:2,0
DA:3,0
DA:13,0
LF:4
LH:0
BRDA:1,0,0,0
BRDA:2,1,0,0
BRDA:2,1,1,0
BRDA:3,2,0,0
BRDA:3,2,1,0
BRDA:13,3,0,0
BRDA:13,3,1,0
BRF:7
BRH:0
end_of_record
TN:
SF:src/domain/auth/application/cryptography/encrypter.ts
FNF:0
FNH:0
DA:1,2
LF:1
LH:1
BRF:0
BRH:0
end_of_record
TN:
SF:src/domain/auth/application/cryptography/hash-comparer.ts
FNF:0
FNH:0
DA:1,1
LF:1
LH:1
BRF:0
BRH:0
end_of_record
TN:
SF:src/domain/auth/application/cryptography/hash-generator.ts
FNF:0
FNH:0
DA:1,1
LF:1
LH:1
BRF:0
BRH:0
end_of_record
TN:
SF:src/domain/auth/application/cryptography/secret-encrypter.ts
FNF:0
FNH:0
DA:1,0
LF:1
LH:0
BRF:0
BRH:0
end_of_record
TN:
SF:src/domain/auth/application/cryptography/token-validator.ts
FNF:0
FNH:0
DA:8,1
LF:1
LH:1
BRF:0
BRH:0
end_of_record
TN:
SF:src/domain/auth/application/repositories/devices-repository.ts
FNF:0
FNH:0
DA:3,4
LF:1
LH:1
BRF:0
BRH:0
end_of_record
TN:
SF:src/domain/auth/application/repositories/permissions-repository.ts
FNF:0
FNH:0
DA:3,3
LF:1
LH:1
BRF:0
BRH:0
end_of_record
TN:
SF:src/domain/auth/application/repositories/refresh-token-repository.ts
FNF:0
FNH:0
DA:3,5
LF:1
LH:1
BRF:0
BRH:0
end_of_record
TN:
SF:src/domain/auth/application/repositories/roles-repository.ts
FNF:0
FNH:0
DA:3,4
LF:1
LH:1
BRF:0
BRH:0
end_of_record
TN:
SF:src/domain/auth/application/repositories/users-repository.ts
FNF:0
FNH:0
DA:4,10
LF:1
LH:1
BRF:0
BRH:0
end_of_record
TN:
SF:src/domain/auth/application/use-cases/assign-role-to-user.ts
FN:23,(anonymous_2)
FN:28,(anonymous_3)
FNF:2
FNH:2
FNDA:3,(anonymous_2)
FNDA:3,(anonymous_3)
DA:1,1
DA:2,1
DA:3,1
DA:4,1
DA:5,1
DA:6,1
DA:22,1
DA:24,3
DA:25,3
DA:33,3
DA:34,3
DA:35,1
DA:38,2
DA:39,2
DA:40,1
DA:43,1
DA:45,1
LF:17
LH:17
BRDA:34,0,0,1
BRDA:34,0,1,2
BRDA:39,1,0,1
BRDA:39,1,1,1
BRF:4
BRH:4
end_of_record
TN:
SF:src/domain/auth/application/use-cases/authenticate-device.ts
FN:32,(anonymous_2)
FN:40,(anonymous_3)
FN:62,(anonymous_4)
FN:98,(anonymous_5)
FNF:4
FNH:4
FNDA:5,(anonymous_2)
FNDA:5,(anonymous_3)
FNDA:3,(anonymous_4)
FNDA:3,(anonymous_5)
DA:1,1
DA:2,1
DA:4,1
DA:5,1
DA:7,1
DA:8,1
DA:9,1
DA:12,1
DA:13,1
DA:14,1
DA:15,1
DA:31,1
DA:33,5
DA:34,5
DA:35,5
DA:36,5
DA:37,5
DA:44,5
DA:45,5
DA:46,1
DA:49,4
DA:54,4
DA:55,1
DA:58,3
DA:59,3
DA:63,3
DA:65,3
DA:70,3
DA:78,3
DA:87,3
DA:89,3
DA:90,3
DA:92,3
DA:99,3
DA:104,3
DA:110,2
DA:111,2
DA:112,2
DA:115,1
DA:116,1
DA:118,1
LF:41
LH:41
BRDA:45,0,0,1
BRDA:45,0,1,4
BRDA:54,1,0,1
BRDA:54,1,1,3
BRDA:104,2,0,2
BRDA:104,2,1,1
BRDA:105,3,0,3
BRDA:105,3,1,2
BRDA:105,3,2,1
BRDA:105,3,3,1
BRF:10
BRH:10
end_of_record
TN:
SF:src/domain/auth/application/use-cases/check-user-permission.ts
FN:24,(anonymous_2)
FN:29,(anonymous_3)
FN:57,(anonymous_4)
FNF:3
FNH:3
FNDA:5,(anonymous_2)
FNDA:5,(anonymous_3)
FNDA:4,(anonymous_4)
DA:1,1
DA:2,1
DA:3,1
DA:4,1
DA:5,1
DA:23,1
DA:25,5
DA:26,5
DA:34,5
DA:35,5
DA:36,1
DA:40,4
DA:42,4
DA:43,1
DA:49,3
DA:50,3
DA:51,4
DA:54,4
DA:57,3
DA:58,4
DA:61,3
LF:21
LH:21
BRDA:35,0,0,1
BRDA:35,0,1,4
BRDA:42,1,0,1
BRDA:42,1,1,3
BRDA:63,2,0,2
BRDA:63,2,1,1
BRF:6
BRH:6
end_of_record
TN:
SF:src/domain/auth/application/use-cases/create-permission.ts
FN:23,(anonymous_2)
FN:25,(anonymous_3)
FNF:2
FNH:2
FNDA:3,(anonymous_2)
FNDA:4,(anonymous_3)
DA:1,1
DA:2,1
DA:3,1
DA:4,1
DA:5,1
DA:22,1
DA:23,3
DA:31,4
DA:34,4
DA:39,4
DA:40,1
DA:43,3
DA:51,3
DA:53,3
LF:14
LH:14
BRDA:39,0,0,1
BRDA:39,0,1,3
BRF:2
BRH:2
end_of_record
TN:
SF:src/domain/auth/application/use-cases/create-role.ts
FN:23,(anonymous_2)
FN:25,(anonymous_3)
FNF:2
FNH:2
FNDA:4,(anonymous_2)
FNDA:6,(anonymous_3)
DA:1,1
DA:2,1
DA:3,1
DA:4,1
DA:5,1
DA:22,1
DA:23,4
DA:31,6
DA:33,6
DA:34,6
DA:35,1
DA:38,5
DA:39,5
DA:40,1
DA:43,4
DA:51,4
DA:53,4
LF:17
LH:17
BRDA:34,0,0,1
BRDA:34,0,1,5
BRDA:39,1,0,1
BRDA:39,1,1,4
BRDA:48,2,0,4
BRDA:48,2,1,3
BRF:6
BRH:6
end_of_record
TN:
SF:src/domain/auth/application/use-cases/create-user.ts
FN:24,(anonymous_2)
FN:29,(anonymous_3)
FNF:2
FNH:2
FNDA:2,(anonymous_2)
FNDA:3,(anonymous_3)
DA:1,1
DA:2,1
DA:3,1
DA:4,1
DA:5,1
DA:6,1
DA:7,1
DA:23,1
DA:25,2
DA:26,2
DA:34,3
DA:36,3
DA:37,1
DA:40,2
DA:42,2
DA:51,2
DA:53,2
LF:17
LH:17
BRDA:36,0,0,1
BRDA:36,0,1,2
BRF:2
BRH:2
end_of_record
TN:
SF:src/domain/auth/application/use-cases/delete-user.ts
FN:19,(anonymous_2)
FN:21,(anonymous_3)
FNF:2
FNH:2
FNDA:3,(anonymous_2)
FNDA:3,(anonymous_3)
DA:1,1
DA:2,1
DA:3,1
DA:4,1
DA:18,1
DA:19,3
DA:24,3
DA:26,3
DA:27,1
DA:30,2
DA:32,2
LF:11
LH:11
BRDA:26,0,0,1
BRDA:26,0,1,2
BRF:2
BRH:2
end_of_record
TN:
SF:src/domain/auth/application/use-cases/get-user-by-id.ts
FN:20,(anonymous_2)
FN:22,(anonymous_3)
FNF:2
FNH:2
FNDA:2,(anonymous_2)
FNDA:2,(anonymous_3)
DA:1,1
DA:2,1
DA:3,1
DA:4,1
DA:19,1
DA:20,2
DA:25,2
DA:27,2
DA:28,1
DA:31,1
LF:10
LH:10
BRDA:27,0,0,1
BRDA:27,0,1,1
BRF:2
BRH:2
end_of_record
TN:
SF:src/domain/auth/application/use-cases/list-permissions.ts
FN:15,(anonymous_2)
FN:17,(anonymous_3)
FNF:2
FNH:2
FNDA:2,(anonymous_2)
FNDA:2,(anonymous_3)
DA:1,1
DA:2,1
DA:4,1
DA:14,1
DA:15,2
DA:18,2
DA:20,2
LF:7
LH:7
BRF:0
BRH:0
end_of_record
TN:
SF:src/domain/auth/application/use-cases/list-roles.ts
FN:15,(anonymous_2)
FN:17,(anonymous_3)
FNF:2
FNH:2
FNDA:2,(anonymous_2)
FNDA:2,(anonymous_3)
DA:1,1
DA:2,1
DA:4,1
DA:14,1
DA:15,2
DA:18,2
DA:20,2
LF:7
LH:7
BRF:0
BRH:0
end_of_record
TN:
SF:src/domain/auth/application/use-cases/refresh-access-token.ts
FN:30,(anonymous_2)
FN:36,(anonymous_3)
FNF:2
FNH:2
FNDA:5,(anonymous_2)
FNDA:5,(anonymous_3)
DA:1,1
DA:2,1
DA:3,1
DA:4,1
DA:5,1
DA:6,1
DA:8,1
DA:9,1
DA:10,1
DA:11,1
DA:29,1
DA:31,5
DA:32,5
DA:33,5
DA:39,5
DA:43,5
DA:44,1
DA:47,4
DA:48,2
DA:51,2
DA:55,2
DA:56,1
DA:59,1
DA:64,1
DA:72,1
DA:74,1
LF:26
LH:26
BRDA:43,0,0,1
BRDA:43,0,1,4
BRDA:47,1,0,2
BRDA:47,1,1,2
BRDA:55,2,0,1
BRDA:55,2,1,1
BRF:6
BRH:6
end_of_record
TN:
SF:src/domain/auth/application/use-cases/remove-role-from-user.ts
FN:23,(anonymous_2)
FN:28,(anonymous_3)
FNF:2
FNH:2
FNDA:4,(anonymous_2)
FNDA:4,(anonymous_3)
DA:1,1
DA:2,1
DA:3,1
DA:4,1
DA:5,1
DA:6,1
DA:22,1
DA:24,4
DA:25,4
DA:32,4
DA:33,4
DA:34,1
DA:37,3
DA:38,3
DA:39,1
DA:42,2
DA:44,2
LF:17
LH:17
BRDA:33,0,0,1
BRDA:33,0,1,3
BRDA:38,1,0,1
BRDA:38,1,1,2
BRF:4
BRH:4
end_of_record
TN:
SF:src/domain/auth/application/use-cases/revoke-all-devices.ts
FN:24,(anonymous_2)
FN:30,(anonymous_3)
FNF:2
FNH:2
FNDA:4,(anonymous_2)
FNDA:4,(anonymous_3)
DA:1,1
DA:3,1
DA:4,1
DA:5,1
DA:8,1
DA:9,1
DA:23,1
DA:25,4
DA:26,4
DA:27,4
DA:33,4
DA:34,4
DA:35,1
DA:38,3
DA:40,3
DA:44,3
DA:45,2
DA:48,3
DA:49,5
DA:50,5
DA:53,3
LF:21
LH:21
BRDA:34,0,0,1
BRDA:34,0,1,3
BRF:2
BRH:2
end_of_record
TN:
SF:src/domain/auth/application/use-cases/revoke-device-session.ts
FN:22,(anonymous_2)
FN:27,(anonymous_3)
FNF:2
FNH:2
FNDA:4,(anonymous_2)
FNDA:4,(anonymous_3)
DA:1,1
DA:2,1
DA:3,1
DA:4,1
DA:5,1
DA:6,1
DA:21,1
DA:23,4
DA:24,4
DA:32,4
DA:34,4
DA:35,1
DA:39,3
DA:40,4
DA:41,4
DA:42,4
DA:47,3
DA:48,3
DA:49,0
DA:53,3
DA:54,1
DA:57,2
DA:58,2
DA:60,2
LF:24
LH:23
BRDA:34,0,0,1
BRDA:34,0,1,3
BRDA:40,1,0,4
BRDA:40,1,1,0
BRDA:48,2,0,0
BRDA:48,2,1,3
BRDA:53,3,0,1
BRDA:53,3,1,2
BRF:8
BRH:6
end_of_record
TN:
SF:src/domain/auth/application/use-cases/revoke-user-device.ts
FN:20,(anonymous_2)
FN:25,(anonymous_3)
FNF:2
FNH:2
FNDA:4,(anonymous_2)
FNDA:4,(anonymous_3)
DA:1,1
DA:2,1
DA:3,1
DA:4,1
DA:5,1
DA:6,1
DA:19,1
DA:21,4
DA:22,4
DA:29,4
DA:31,4
DA:32,1
DA:36,3
DA:37,1
DA:41,2
DA:45,2
DA:46,3
DA:47,3
DA:48,3
DA:55,2
DA:56,2
DA:58,2
LF:22
LH:22
BRDA:31,0,0,1
BRDA:31,0,1,3
BRDA:36,1,0,1
BRDA:36,1,1,2
BRDA:46,2,0,3
BRDA:46,2,1,0
BRF:6
BRH:5
end_of_record
TN:
SF:src/domain/auth/application/use-cases/validate-token.ts
FN:15,(anonymous_2)
FN:20,(anonymous_3)
FNF:2
FNH:2
FNDA:7,(anonymous_2)
FNDA:7,(anonymous_3)
DA:1,1
DA:2,1
DA:3,1
DA:4,1
DA:5,1
DA:14,1
DA:16,7
DA:17,7
DA:23,7
DA:25,7
DA:26,4
DA:30,3
DA:31,1
DA:34,2
DA:36,2
DA:37,1
DA:40,1
LF:17
LH:17
BRDA:25,0,0,4
BRDA:25,0,1,3
BRDA:25,1,0,7
BRDA:25,1,1,4
BRDA:30,2,0,1
BRDA:30,2,1,2
BRDA:36,3,0,1
BRDA:36,3,1,1
BRF:8
BRH:8
end_of_record
TN:
SF:src/domain/auth/application/use-cases/errors/device-not-found-error.ts
FN:4,(anonymous_0)
FNF:1
FNH:1
FNDA:2,(anonymous_0)
DA:3,2
DA:5,2
LF:2
LH:2
BRF:0
BRH:0
end_of_record
TN:
SF:src/domain/auth/application/use-cases/errors/invalid-credentials-error.ts
FN:2,(anonymous_0)
FNF:1
FNH:0
FNDA:0,(anonymous_0)
DA:1,0
DA:3,0
LF:2
LH:0
BRF:0
BRH:0
end_of_record
TN:
SF:src/domain/auth/application/use-cases/errors/invalid-token-error.ts
FN:2,(anonymous_0)
FNF:1
FNH:1
FNDA:6,(anonymous_0)
DA:1,1
DA:3,6
LF:2
LH:2
BRF:0
BRH:0
end_of_record
TN:
SF:src/domain/auth/application/use-cases/errors/permission-already-exists-error.ts
FN:7,(anonymous_0)
FNF:1
FNH:1
FNDA:1,(anonymous_0)
DA:3,1
DA:8,1
LF:2
LH:2
BRF:0
BRH:0
end_of_record
TN:
SF:src/domain/auth/application/use-cases/errors/refresh-token-expired-error.ts
FN:2,(anonymous_0)
FNF:1
FNH:1
FNDA:2,(anonymous_0)
DA:1,1
DA:3,2
LF:2
LH:2
BRF:0
BRH:0
end_of_record
TN:
SF:src/domain/auth/application/use-cases/errors/refresh-token-not-found-error.ts
FN:2,(anonymous_0)
FNF:1
FNH:1
FNDA:2,(anonymous_0)
DA:1,2
DA:3,2
LF:2
LH:2
BRF:0
BRH:0
end_of_record
TN:
SF:src/domain/auth/application/use-cases/errors/role-already-exists-error.ts
FN:4,(anonymous_0)
FNF:1
FNH:1
FNDA:2,(anonymous_0)
DA:3,1
DA:5,2
LF:2
LH:2
BRF:0
BRH:0
end_of_record
TN:
SF:src/domain/auth/application/use-cases/errors/role-not-found-error.ts
FN:4,(anonymous_0)
FNF:1
FNH:1
FNDA:2,(anonymous_0)
DA:3,2
DA:5,2
LF:2
LH:2
BRF:0
BRH:0
end_of_record
TN:
SF:src/domain/auth/application/use-cases/errors/too-many-attempts-error.ts
FN:2,(anonymous_0)
FNF:1
FNH:0
FNDA:0,(anonymous_0)
DA:1,0
DA:3,0
LF:2
LH:0
BRF:0
BRH:0
end_of_record
TN:
SF:src/domain/auth/application/use-cases/errors/unauthorized-device-access-error.ts
FN:2,(anonymous_0)
FNF:1
FNH:1
FNDA:1,(anonymous_0)
DA:1,1
DA:3,1
DA:4,1
LF:3
LH:3
BRF:0
BRH:0
end_of_record
TN:
SF:src/domain/auth/application/use-cases/errors/user-already-exists-error.ts
FN:2,(anonymous_0)
FNF:1
FNH:1
FNDA:1,(anonymous_0)
DA:1,1
DA:3,1
LF:2
LH:2
BRF:0
BRH:0
end_of_record
TN:
SF:src/domain/auth/application/use-cases/errors/user-not-found-error.ts
FN:4,(anonymous_0)
FNF:1
FNH:1
FNDA:7,(anonymous_0)
DA:3,7
DA:5,7
LF:2
LH:2
BRF:0
BRH:0
end_of_record
TN:
SF:src/domain/auth/application/use-cases/errors/wrong-credentials-error.ts
FN:4,(anonymous_0)
FNF:1
FNH:1
FNDA:2,(anonymous_0)
DA:3,1
DA:5,2
LF:2
LH:2
BRF:0
BRH:0
end_of_record
TN:
SF:src/domain/auth/enterprise/entities/access-token.ts
FN:13,(anonymous_0)
FN:17,(anonymous_1)
FN:21,(anonymous_2)
FN:25,(anonymous_3)
FN:29,(anonymous_4)
FN:33,(anonymous_5)
FN:40,(anonymous_6)
FN:44,(anonymous_7)
FNF:8
FNH:3
FNDA:1,(anonymous_0)
FNDA:1,(anonymous_1)
FNDA:0,(anonymous_2)
FNDA:0,(anonymous_3)
FNDA:0,(anonymous_4)
FNDA:0,(anonymous_5)
FNDA:0,(anonymous_6)
FNDA:4,(anonymous_7)
DA:1,2
DA:12,2
DA:14,1
DA:18,1
DA:22,0
DA:26,0
DA:30,0
DA:34,0
DA:35,0
DA:37,0
DA:41,0
DA:45,4
DA:46,4
LF:13
LH:6
BRDA:34,0,0,0
BRDA:34,0,1,0
BRF:2
BRH:0
end_of_record
TN:
SF:src/domain/auth/enterprise/entities/device.ts
FN:20,(anonymous_0)
FN:24,(anonymous_1)
FN:28,(anonymous_2)
FN:32,(anonymous_3)
FN:36,(anonymous_4)
FN:40,(anonymous_5)
FN:44,(anonymous_6)
FN:48,(anonymous_7)
FN:52,(anonymous_8)
FN:56,(anonymous_9)
FN:60,(anonymous_10)
FN:64,(anonymous_11)
FN:69,(anonymous_12)
FN:74,(anonymous_13)
FN:79,(anonymous_14)
FN:83,(anonymous_15)
FNF:16
FNH:12
FNDA:24,(anonymous_0)
FNDA:0,(anonymous_1)
FNDA:2,(anonymous_2)
FNDA:2,(anonymous_3)
FNDA:5,(anonymous_4)
FNDA:1,(anonymous_5)
FNDA:0,(anonymous_6)
FNDA:0,(anonymous_7)
FNDA:7,(anonymous_8)
FNDA:4,(anonymous_9)
FNDA:0,(anonymous_10)
FNDA:3,(anonymous_11)
FNDA:7,(anonymous_12)
FNDA:2,(anonymous_13)
FNDA:12,(anonymous_14)
FNDA:18,(anonymous_15)
DA:1,4
DA:19,4
DA:21,24
DA:25,0
DA:29,2
DA:33,2
DA:37,5
DA:41,1
DA:45,0
DA:49,0
DA:53,7
DA:57,4
DA:61,0
DA:65,3
DA:66,3
DA:70,7
DA:71,7
DA:75,2
DA:76,2
DA:80,12
DA:87,18
DA:97,18
LF:22
LH:18
BRDA:90,0,0,18
BRDA:90,0,1,0
BRDA:91,1,0,18
BRDA:91,1,1,18
BRDA:92,2,0,18
BRDA:92,2,1,18
BRF:6
BRH:5
end_of_record
TN:
SF:src/domain/auth/enterprise/entities/login-history.ts
FN:13,(anonymous_0)
FN:17,(anonymous_1)
FN:21,(anonymous_2)
FN:25,(anonymous_3)
FN:29,(anonymous_4)
FN:33,(anonymous_5)
FN:46,(anonymous_6)
FNF:7
FNH:0
FNDA:0,(anonymous_0)
FNDA:0,(anonymous_1)
FNDA:0,(anonymous_2)
FNDA:0,(anonymous_3)
FNDA:0,(anonymous_4)
FNDA:0,(anonymous_5)
FNDA:0,(anonymous_6)
DA:1,0
DA:12,0
DA:14,0
DA:18,0
DA:22,0
DA:26,0
DA:30,0
DA:37,0
DA:47,0
LF:9
LH:0
BRF:0
BRH:0
end_of_record
TN:
SF:src/domain/auth/enterprise/entities/permission.ts
FN:16,(anonymous_0)
FN:20,(anonymous_1)
FN:24,(anonymous_2)
FN:28,(anonymous_3)
FN:32,(anonymous_4)
FN:36,(anonymous_5)
FN:40,(anonymous_6)
FN:44,(anonymous_7)
FN:49,(anonymous_8)
FN:63,(anonymous_9)
FN:67,(anonymous_10)
FN:82,(anonymous_11)
FNF:12
FNH:7
FNDA:7,(anonymous_0)
FNDA:2,(anonymous_1)
FNDA:1,(anonymous_2)
FNDA:2,(anonymous_3)
FNDA:2,(anonymous_4)
FNDA:0,(anonymous_5)
FNDA:0,(anonymous_6)
FNDA:0,(anonymous_7)
FNDA:4,(anonymous_8)
FNDA:0,(anonymous_9)
FNDA:10,(anonymous_10)
FNDA:0,(anonymous_11)
DA:1,3
DA:15,3
DA:17,7
DA:21,2
DA:25,1
DA:29,2
DA:33,2
DA:37,0
DA:41,0
DA:45,0
DA:46,0
DA:51,4
DA:52,0
DA:56,4
DA:57,0
DA:60,4
DA:64,0
DA:71,10
DA:72,10
DA:83,0
LF:20
LH:12
BRDA:51,0,0,0
BRDA:51,0,1,4
BRDA:51,1,0,4
BRDA:51,1,1,0
BRDA:56,2,0,0
BRDA:56,2,1,4
BRDA:56,3,0,4
BRDA:56,3,1,0
BRDA:60,4,0,4
BRDA:60,4,1,3
BRDA:75,5,0,10
BRDA:75,5,1,10
BRDA:76,6,0,10
BRDA:76,6,1,10
BRF:14
BRH:10
end_of_record
TN:
SF:src/domain/auth/enterprise/entities/refresh-token.ts
FN:16,(anonymous_0)
FN:20,(anonymous_1)
FN:24,(anonymous_2)
FN:28,(anonymous_3)
FN:32,(anonymous_4)
FN:36,(anonymous_5)
FN:40,(anonymous_6)
FN:44,(anonymous_7)
FN:51,(anonymous_8)
FN:56,(anonymous_9)
FN:70,(anonymous_10)
FNF:11
FNH:8
FNDA:7,(anonymous_0)
FNDA:12,(anonymous_1)
FNDA:10,(anonymous_2)
FNDA:0,(anonymous_3)
FNDA:14,(anonymous_4)
FNDA:0,(anonymous_5)
FNDA:4,(anonymous_6)
FNDA:4,(anonymous_7)
FNDA:7,(anonymous_8)
FNDA:17,(anonymous_9)
FNDA:0,(anonymous_10)
DA:2,5
DA:15,5
DA:17,7
DA:21,12
DA:25,10
DA:29,0
DA:33,14
DA:37,0
DA:41,4
DA:45,4
DA:46,1
DA:48,3
DA:52,7
DA:53,7
DA:60,17
DA:67,17
DA:71,0
LF:17
LH:14
BRDA:45,0,0,1
BRDA:45,0,1,3
BRDA:63,1,0,17
BRDA:63,1,1,14
BRF:4
BRH:4
end_of_record
TN:
SF:src/domain/auth/enterprise/entities/role.ts
FN:16,(anonymous_0)
FN:20,(anonymous_1)
FN:24,(anonymous_2)
FN:28,(anonymous_3)
FN:32,(anonymous_4)
FN:36,(anonymous_5)
FN:40,(anonymous_6)
FN:44,(anonymous_7)
FN:49,(anonymous_8)
FN:54,(anonymous_9)
FN:58,(anonymous_10)
FN:62,(anonymous_11)
FN:82,(anonymous_12)
FNF:13
FNH:6
FNDA:13,(anonymous_0)
FNDA:7,(anonymous_1)
FNDA:5,(anonymous_2)
FNDA:5,(anonymous_3)
FNDA:5,(anonymous_4)
FNDA:0,(anonymous_5)
FNDA:0,(anonymous_6)
FNDA:0,(anonymous_7)
FNDA:0,(anonymous_8)
FNDA:0,(anonymous_9)
FNDA:0,(anonymous_10)
FNDA:16,(anonymous_11)
FNDA:0,(anonymous_12)
DA:1,5
DA:15,5
DA:17,13
DA:21,7
DA:25,5
DA:29,5
DA:33,5
DA:37,0
DA:41,0
DA:45,0
DA:46,0
DA:50,0
DA:51,0
DA:55,0
DA:59,0
DA:69,16
DA:70,16
DA:83,0
LF:18
LH:9
BRDA:73,0,0,16
BRDA:73,0,1,0
BRDA:74,1,0,16
BRDA:74,1,1,0
BRDA:75,2,0,16
BRDA:75,2,1,16
BRDA:76,3,0,16
BRDA:76,3,1,16
BRF:8
BRH:6
end_of_record
TN:
SF:src/domain/auth/enterprise/entities/session.ts
FN:12,(anonymous_0)
FN:16,(anonymous_1)
FN:20,(anonymous_2)
FN:24,(anonymous_3)
FN:28,(anonymous_4)
FN:32,(anonymous_5)
FN:42,(anonymous_6)
FNF:7
FNH:0
FNDA:0,(anonymous_0)
FNDA:0,(anonymous_1)
FNDA:0,(anonymous_2)
FNDA:0,(anonymous_3)
FNDA:0,(anonymous_4)
FNDA:0,(anonymous_5)
FNDA:0,(anonymous_6)
DA:1,0
DA:11,0
DA:13,0
DA:17,0
DA:21,0
DA:25,0
DA:29,0
DA:33,0
DA:43,0
LF:9
LH:0
BRF:0
BRH:0
end_of_record
TN:
SF:src/domain/auth/enterprise/entities/user.ts
FN:15,(anonymous_0)
FN:19,(anonymous_1)
FN:23,(anonymous_2)
FN:27,(anonymous_3)
FN:31,(anonymous_4)
FN:35,(anonymous_5)
FN:39,(anonymous_6)
FN:43,(anonymous_7)
FN:48,(anonymous_8)
FN:53,(anonymous_9)
FN:58,(anonymous_10)
FN:63,(anonymous_11)
FN:68,(anonymous_12)
FN:72,(anonymous_13)
FN:88,(anonymous_14)
FNF:15
FNH:6
FNDA:4,(anonymous_0)
FNDA:5,(anonymous_1)
FNDA:3,(anonymous_2)
FNDA:0,(anonymous_3)
FNDA:0,(anonymous_4)
FNDA:0,(anonymous_5)
FNDA:0,(anonymous_6)
FNDA:0,(anonymous_7)
FNDA:0,(anonymous_8)
FNDA:0,(anonymous_9)
FNDA:0,(anonymous_10)
FNDA:3,(anonymous_11)
FNDA:3,(anonymous_12)
FNDA:36,(anonymous_13)
FNDA:0,(anonymous_14)
DA:1,12
DA:14,12
DA:16,4
DA:20,5
DA:24,3
DA:28,0
DA:32,0
DA:36,0
DA:40,0
DA:44,0
DA:45,0
DA:49,0
DA:50,0
DA:54,0
DA:55,0
DA:59,0
DA:60,0
DA:64,3
DA:65,3
DA:69,3
DA:76,36
DA:77,36
DA:89,0
LF:23
LH:10
BRF:0
BRH:0
end_of_record
TN:
SF:src/infra/auth/current-user-decorator.ts
FN:4,(anonymous_0)
FNF:1
FNH:0
FNDA:0,(anonymous_0)
DA:1,0
DA:4,0
DA:5,0
DA:7,0
LF:4
LH:0
BRF:0
BRH:0
end_of_record
TN:
SF:src/infra/auth/jwt-auth.guard.ts
FN:10,(anonymous_2)
FN:14,(anonymous_3)
FN:34,(anonymous_4)
FN:48,(anonymous_5)
FN:55,(anonymous_6)
FNF:5
FNH:0
FNDA:0,(anonymous_2)
FNDA:0,(anonymous_3)
FNDA:0,(anonymous_4)
FNDA:0,(anonymous_5)
FNDA:0,(anonymous_6)
DA:1,0
DA:2,0
DA:3,0
DA:4,0
DA:7,0
DA:8,0
DA:10,0
DA:11,0
DA:15,0
DA:20,0
DA:21,0
DA:25,0
DA:30,0
DA:31,0
DA:32,0
DA:34,0
DA:35,0
DA:40,0
DA:41,0
DA:42,0
DA:46,0
DA:48,0
DA:49,0
DA:52,0
DA:56,0
DA:57,0
DA:61,0
DA:62,0
DA:65,0
LF:29
LH:0
BRDA:20,0,0,0
BRDA:20,0,1,0
BRDA:30,1,0,0
BRDA:30,1,1,0
BRDA:30,2,0,0
BRDA:30,2,1,0
BRDA:34,3,0,0
BRDA:34,3,1,0
BRDA:41,4,0,0
BRDA:41,4,1,0
BRDA:48,5,0,0
BRDA:48,5,1,0
BRDA:56,6,0,0
BRDA:56,6,1,0
BRDA:56,7,0,0
BRDA:56,7,1,0
BRDA:57,8,0,0
BRDA:57,8,1,0
BRDA:61,9,0,0
BRDA:61,9,1,0
BRF:20
BRH:0
end_of_record
TN:
SF:src/infra/auth/jwt.strategy.ts
FN:16,(anonymous_2)
FN:24,(anonymous_3)
FNF:2
FNH:0
FNDA:0,(anonymous_2)
FNDA:0,(anonymous_3)
DA:1,0
DA:2,0
DA:3,0
DA:4,0
DA:5,0
DA:7,0
DA:15,0
DA:17,0
DA:25,0
LF:9
LH:0
BRF:0
BRH:0
end_of_record
TN:
SF:src/infra/auth/public.ts
FN:4,(anonymous_0)
FN:8,(anonymous_1)
FNF:2
FNH:0
FNDA:0,(anonymous_0)
FNDA:0,(anonymous_1)
DA:1,0
DA:3,0
DA:4,0
DA:7,0
DA:8,0
LF:5
LH:0
BRF:0
BRH:0
end_of_record
TN:
SF:src/infra/auth/decorators/require-permission.decorator.ts
FN:10,(anonymous_0)
FNF:1
FNH:0
FNDA:0,(anonymous_0)
DA:1,0
DA:3,0
DA:10,0
DA:11,0
LF:4
LH:0
BRF:0
BRH:0
end_of_record
TN:
SF:src/infra/auth/decorators/require-role.decorator.ts
FN:5,(anonymous_0)
FNF:1
FNH:0
FNDA:0,(anonymous_0)
DA:1,0
DA:3,0
DA:5,0
LF:3
LH:0
BRF:0
BRH:0
end_of_record
TN:
SF:src/infra/auth/guards/permissions-guard.ts
FN:11,(anonymous_2)
FN:16,(anonymous_3)
FNF:2
FNH:0
FNDA:0,(anonymous_2)
FNDA:0,(anonymous_3)
DA:1,0
DA:2,0
DA:3,0
DA:7,0
DA:10,0
DA:12,0
DA:13,0
DA:18,0
DA:23,0
DA:24,0
DA:27,0
DA:28,0
DA:30,0
DA:31,0
DA:34,0
DA:40,0
DA:41,0
DA:44,0
LF:18
LH:0
BRDA:23,0,0,0
BRDA:23,0,1,0
BRDA:30,1,0,0
BRDA:30,1,1,0
BRDA:30,2,0,0
BRDA:30,2,1,0
BRDA:40,3,0,0
BRDA:40,3,1,0
BRF:8
BRH:0
end_of_record
TN:
SF:src/infra/auth/guards/roles.guard.ts
FN:8,(anonymous_2)
FN:13,(anonymous_3)
FN:31,(anonymous_4)
FN:33,(anonymous_5)
FNF:4
FNH:0
FNDA:0,(anonymous_2)
FNDA:0,(anonymous_3)
FNDA:0,(anonymous_4)
FNDA:0,(anonymous_5)
DA:1,0
DA:2,0
DA:3,0
DA:4,0
DA:7,0
DA:9,0
DA:10,0
DA:14,0
DA:19,0
DA:20,0
DA:23,0
DA:24,0
DA:26,0
DA:27,0
DA:30,0
DA:31,0
DA:33,0
LF:17
LH:0
BRDA:19,0,0,0
BRDA:19,0,1,0
BRDA:26,1,0,0
BRDA:26,1,1,0
BRDA:26,2,0,0
BRDA:26,2,1,0
BRF:6
BRH:0
end_of_record
TN:
SF:src/infra/cryptography/aes-secret-encrypter.ts
FN:10,(anonymous_2)
FN:15,(anonymous_3)
FN:23,(anonymous_4)
FNF:3
FNH:0
FNDA:0,(anonymous_2)
FNDA:0,(anonymous_3)
FNDA:0,(anonymous_4)
DA:1,0
DA:2,0
DA:6,0
DA:7,0
DA:11,0
DA:12,0
DA:16,0
DA:17,0
DA:18,0
DA:19,0
DA:20,0
DA:24,0
DA:25,0
DA:26,0
DA:27,0
DA:28,0
DA:29,0
LF:17
LH:0
BRDA:11,0,0,0
BRDA:11,0,1,0
BRF:2
BRH:0
end_of_record
TN:
SF:src/infra/cryptography/bcrypt-hasher.ts
FN:7,(anonymous_1)
FN:10,(anonymous_2)
FN:14,(anonymous_3)
FNF:3
FNH:0
FNDA:0,(anonymous_1)
FNDA:0,(anonymous_2)
FNDA:0,(anonymous_3)
DA:1,0
DA:2,0
DA:7,0
DA:8,0
DA:11,0
DA:15,0
LF:6
LH:0
BRF:0
BRH:0
end_of_record
TN:
SF:src/infra/cryptography/jwt-encrypter.ts
FN:7,(anonymous_2)
FN:9,(anonymous_3)
FNF:2
FNH:0
FNDA:0,(anonymous_2)
FNDA:0,(anonymous_3)
DA:2,0
DA:3,0
DA:6,0
DA:7,0
DA:12,0
DA:17,0
DA:22,0
DA:26,0
DA:30,0
LF:9
LH:0
BRF:0
BRH:0
end_of_record
TN:
SF:src/infra/cryptography/jwt-token-validator.ts
FN:7,(anonymous_2)
FN:9,(anonymous_3)
FNF:2
FNH:0
FNDA:0,(anonymous_2)
FNDA:0,(anonymous_3)
DA:1,0
DA:2,0
DA:6,0
DA:7,0
DA:10,0
DA:11,0
DA:13,0
DA:20,0
LF:8
LH:0
BRF:0
BRH:0
end_of_record
TN:
SF:src/infra/database/prisma/prisma.service.ts
FN:9,(anonymous_2)
FN:15,(anonymous_3)
FN:19,(anonymous_4)
FNF:3
FNH:0
FNDA:0,(anonymous_2)
FNDA:0,(anonymous_3)
FNDA:0,(anonymous_4)
DA:1,0
DA:2,0
DA:5,0
DA:10,0
DA:16,0
DA:20,0
LF:6
LH:0
BRF:0
BRH:0
end_of_record
TN:
SF:src/infra/database/prisma/mappers/prisma-devices-mapper.ts
FN:6,(anonymous_0)
FN:23,(anonymous_1)
FNF:2
FNH:0
FNDA:0,(anonymous_0)
FNDA:0,(anonymous_1)
DA:2,0
DA:3,0
DA:5,0
DA:7,0
DA:24,0
LF:5
LH:0
BRDA:11,0,0,0
BRDA:11,0,1,0
BRDA:12,1,0,0
BRDA:12,1,1,0
BRDA:13,2,0,0
BRDA:13,2,1,0
BRDA:14,3,0,0
BRDA:14,3,1,0
BRF:8
BRH:0
end_of_record
TN:
SF:src/infra/database/prisma/mappers/prisma-permission-mapper.ts
FN:6,(anonymous_0)
FN:21,(anonymous_1)
FNF:2
FNH:0
FNDA:0,(anonymous_0)
FNDA:0,(anonymous_1)
DA:1,0
DA:2,0
DA:5,0
DA:7,0
DA:22,0
LF:5
LH:0
BRDA:11,0,0,0
BRDA:11,0,1,0
BRDA:26,1,0,0
BRDA:26,1,1,0
BRF:4
BRH:0
end_of_record
TN:
SF:src/infra/database/prisma/mappers/prisma-refresh-token-mapper.ts
FN:6,(anonymous_0)
FN:20,(anonymous_1)
FNF:2
FNH:0
FNDA:0,(anonymous_0)
FNDA:0,(anonymous_1)
DA:2,0
DA:3,0
DA:5,0
DA:7,0
DA:21,0
LF:5
LH:0
BRF:0
BRH:0
end_of_record
TN:
SF:src/infra/database/prisma/mappers/prisma-role-mapper.ts
FN:6,(anonymous_0)
FN:21,(anonymous_1)
FNF:2
FNH:0
FNDA:0,(anonymous_0)
FNDA:0,(anonymous_1)
DA:1,0
DA:2,0
DA:5,0
DA:7,0
DA:22,0
LF:5
LH:0
BRDA:11,0,0,0
BRDA:11,0,1,0
BRDA:26,1,0,0
BRDA:26,1,1,0
BRF:4
BRH:0
end_of_record
TN:
SF:src/infra/database/prisma/mappers/prisma-users-mapper.ts
FN:6,(anonymous_0)
FN:18,(anonymous_1)
FN:31,(anonymous_2)
FNF:3
FNH:0
FNDA:0,(anonymous_0)
FNDA:0,(anonymous_1)
FNDA:0,(anonymous_2)
DA:2,0
DA:3,0
DA:5,0
DA:7,0
DA:19,0
DA:32,0
LF:6
LH:0
BRDA:11,0,0,0
BRDA:11,0,1,0
BRDA:12,1,0,0
BRDA:12,1,1,0
BRF:4
BRH:0
end_of_record
TN:
SF:src/infra/database/prisma/repositories/prisma-devices-repository.ts
FN:9,(anonymous_2)
FN:11,(anonymous_3)
FN:19,(anonymous_4)
FN:25,(anonymous_5)
FN:32,(anonymous_6)
FN:44,(anonymous_7)
FN:51,(anonymous_8)
FNF:7
FNH:0
FNDA:0,(anonymous_2)
FNDA:0,(anonymous_3)
FNDA:0,(anonymous_4)
FNDA:0,(anonymous_5)
FNDA:0,(anonymous_6)
FNDA:0,(anonymous_7)
FNDA:0,(anonymous_8)
DA:2,0
DA:3,0
DA:5,0
DA:8,0
DA:9,0
DA:12,0
DA:16,0
DA:20,0
DA:26,0
DA:33,0
DA:37,0
DA:38,0
DA:41,0
DA:45,0
DA:49,0
DA:51,0
LF:16
LH:0
BRDA:16,0,0,0
BRDA:16,0,1,0
BRDA:37,1,0,0
BRDA:37,1,1,0
BRF:4
BRH:0
end_of_record
TN:
SF:src/infra/database/prisma/repositories/prisma-permissions-repository.ts
FN:9,(anonymous_2)
FN:11,(anonymous_3)
FN:16,(anonymous_4)
FN:24,(anonymous_5)
FN:33,(anonymous_6)
FN:42,(anonymous_7)
FN:56,(anonymous_8)
FN:64,(anonymous_9)
FN:80,(anonymous_10)
FNF:9
FNH:0
FNDA:0,(anonymous_2)
FNDA:0,(anonymous_3)
FNDA:0,(anonymous_4)
FNDA:0,(anonymous_5)
FNDA:0,(anonymous_6)
FNDA:0,(anonymous_7)
FNDA:0,(anonymous_8)
FNDA:0,(anonymous_9)
FNDA:0,(anonymous_10)
DA:1,0
DA:2,0
DA:5,0
DA:8,0
DA:9,0
DA:12,0
DA:13,0
DA:17,0
DA:18,0
DA:25,0
DA:29,0
DA:30,0
DA:34,0
DA:38,0
DA:39,0
DA:46,0
DA:52,0
DA:53,0
DA:57,0
DA:61,0
DA:65,0
DA:77,0
DA:81,0
LF:23
LH:0
BRDA:29,0,0,0
BRDA:29,0,1,0
BRDA:38,1,0,0
BRDA:38,1,1,0
BRDA:52,2,0,0
BRDA:52,2,1,0
BRF:6
BRH:0
end_of_record
TN:
SF:src/infra/database/prisma/repositories/prisma-refresh-token-repository.ts
FN:9,(anonymous_2)
FN:11,(anonymous_3)
FN:16,(anonymous_4)
FN:23,(anonymous_5)
FN:30,(anonymous_6)
FN:39,(anonymous_7)
FN:47,(anonymous_8)
FNF:7
FNH:0
FNDA:0,(anonymous_2)
FNDA:0,(anonymous_3)
FNDA:0,(anonymous_4)
FNDA:0,(anonymous_5)
FNDA:0,(anonymous_6)
FNDA:0,(anonymous_7)
FNDA:0,(anonymous_8)
DA:1,0
DA:2,0
DA:4,0
DA:8,0
DA:9,0
DA:12,0
DA:13,0
DA:17,0
DA:20,0
DA:24,0
DA:27,0
DA:31,0
DA:34,0
DA:40,0
DA:41,0
DA:48,0
LF:16
LH:0
BRDA:34,0,0,0
BRDA:34,0,1,0
BRF:2
BRH:0
end_of_record
TN:
SF:src/infra/database/prisma/repositories/prisma-roles-repository.ts
FN:9,(anonymous_2)
FN:11,(anonymous_3)
FN:16,(anonymous_4)
FN:24,(anonymous_5)
FN:33,(anonymous_6)
FN:42,(anonymous_7)
FN:51,(anonymous_8)
FN:59,(anonymous_9)
FNF:8
FNH:0
FNDA:0,(anonymous_2)
FNDA:0,(anonymous_3)
FNDA:0,(anonymous_4)
FNDA:0,(anonymous_5)
FNDA:0,(anonymous_6)
FNDA:0,(anonymous_7)
FNDA:0,(anonymous_8)
FNDA:0,(anonymous_9)
DA:1,0
DA:2,0
DA:5,0
DA:8,0
DA:9,0
DA:12,0
DA:13,0
DA:17,0
DA:18,0
DA:25,0
DA:29,0
DA:30,0
DA:34,0
DA:38,0
DA:39,0
DA:43,0
DA:47,0
DA:48,0
DA:52,0
DA:56,0
DA:60,0
LF:21
LH:0
BRDA:29,0,0,0
BRDA:29,0,1,0
BRDA:38,1,0,0
BRDA:38,1,1,0
BRDA:47,2,0,0
BRDA:47,2,1,0
BRF:6
BRH:0
end_of_record
TN:
SF:src/infra/database/prisma/repositories/prisma-users-repository.ts
FN:9,(anonymous_2)
FN:11,(anonymous_3)
FN:18,(anonymous_4)
FN:26,(anonymous_5)
FN:31,(anonymous_6)
FN:36,(anonymous_7)
FN:40,(anonymous_8)
FN:54,(anonymous_9)
FN:65,(anonymous_10)
FN:70,(anonymous_11)
FNF:10
FNH:0
FNDA:0,(anonymous_2)
FNDA:0,(anonymous_3)
FNDA:0,(anonymous_4)
FNDA:0,(anonymous_5)
FNDA:0,(anonymous_6)
FNDA:0,(anonymous_7)
FNDA:0,(anonymous_8)
FNDA:0,(anonymous_9)
FNDA:0,(anonymous_10)
FNDA:0,(anonymous_11)
DA:1,0
DA:3,0
DA:5,0
DA:8,0
DA:9,0
DA:12,0
DA:15,0
DA:19,0
DA:22,0
DA:23,0
DA:27,0
DA:28,0
DA:32,0
DA:33,0
DA:37,0
DA:45,0
DA:55,0
DA:66,0
DA:70,0
LF:19
LH:0
BRDA:15,0,0,0
BRDA:15,0,1,0
BRDA:22,1,0,0
BRDA:22,1,1,0
BRF:4
BRH:0
end_of_record
TN:
SF:src/infra/env/env.service.ts
FN:8,(anonymous_2)
FN:12,(anonymous_3)
FNF:2
FNH:0
FNDA:0,(anonymous_2)
FNDA:0,(anonymous_3)
DA:1,0
DA:2,0
DA:7,0
DA:9,0
DA:13,0
LF:5
LH:0
BRF:0
BRH:0
end_of_record
TN:
SF:src/infra/env/env.ts
FNF:0
FNH:0
DA:1,0
DA:3,0
LF:2
LH:0
BRF:0
BRH:0
end_of_record
TN:
SF:src/infra/http/controllers/auth/assign-role.controller.ts
FN:35,(anonymous_4)
FN:66,(anonymous_5)
FNF:2
FNH:0
FNDA:0,(anonymous_4)
FNDA:0,(anonymous_5)
DA:1,0
DA:10,0
DA:16,0
DA:17,0
DA:18,0
DA:19,0
DA:20,0
DA:34,0
DA:35,0
DA:66,0
DA:67,0
DA:68,0
DA:70,0
DA:76,0
DA:77,0
DA:78,0
DA:81,0
LF:17
LH:0
BRDA:76,0,0,0
BRDA:76,0,1,0
BRF:2
BRH:0
end_of_record
TN:
SF:src/infra/http/controllers/auth/authenticate-device.controller.ts
FN:22,(anonymous_5)
FN:29,(anonymous_6)
FNF:2
FNH:0
FNDA:0,(anonymous_5)
FNDA:0,(anonymous_6)
DA:1,0
DA:2,0
DA:3,0
DA:4,0
DA:13,0
DA:14,0
DA:15,0
DA:16,0
DA:17,0
DA:21,0
DA:23,0
DA:24,0
DA:29,0
DA:33,0
DA:35,0
DA:36,0
DA:39,0
DA:40,0
DA:41,0
DA:42,0
DA:44,0
DA:45,0
DA:51,0
DA:52,0
DA:54,0
DA:67,0
DA:72,0
DA:73,0
DA:75,0
DA:77,0
DA:82,0
DA:89,0
DA:91,0
LF:33
LH:0
BRDA:35,0,0,0
BRDA:35,0,1,0
BRDA:39,1,0,0
BRDA:39,1,1,0
BRDA:40,2,0,0
BRDA:40,2,1,0
BRDA:41,3,0,0
BRDA:41,3,1,0
BRDA:42,4,0,0
BRDA:42,4,1,0
BRDA:44,5,0,0
BRDA:44,5,1,0
BRDA:44,6,0,0
BRDA:44,6,1,0
BRDA:44,6,2,0
BRDA:44,6,3,0
BRDA:52,7,0,0
BRDA:52,7,1,0
BRDA:72,8,0,0
BRDA:72,8,1,0
BRDA:75,9,0,0
BRDA:75,9,1,0
BRF:22
BRH:0
end_of_record
TN:
SF:src/infra/http/controllers/auth/create-permission.controller.ts
FN:28,(anonymous_4)
FN:66,(anonymous_5)
FNF:2
FNH:0
FNDA:0,(anonymous_4)
FNDA:0,(anonymous_5)
DA:1,0
DA:10,0
DA:16,0
DA:17,0
DA:18,0
DA:19,0
DA:20,0
DA:21,0
DA:27,0
DA:28,0
DA:66,0
DA:67,0
DA:69,0
DA:76,0
DA:77,0
DA:78,0
DA:81,0
DA:83,0
LF:18
LH:0
BRDA:76,0,0,0
BRDA:76,0,1,0
BRF:2
BRH:0
end_of_record
TN:
SF:src/infra/http/controllers/auth/create-role.controller.ts
FN:19,(anonymous_4)
FN:28,(anonymous_5)
FNF:2
FNH:0
FNDA:0,(anonymous_4)
FNDA:0,(anonymous_5)
DA:1,0
DA:2,0
DA:8,0
DA:9,0
DA:10,0
DA:11,0
DA:12,0
DA:18,0
DA:19,0
DA:28,0
DA:29,0
DA:31,0
DA:32,0
DA:33,0
DA:36,0
DA:38,0
LF:16
LH:0
BRDA:31,0,0,0
BRDA:31,0,1,0
BRF:2
BRH:0
end_of_record
TN:
SF:src/infra/http/controllers/auth/create-user.controller.ts
FN:23,(anonymous_5)
FN:46,(anonymous_6)
FNF:2
FNH:0
FNDA:0,(anonymous_5)
FNDA:0,(anonymous_6)
DA:1,0
DA:10,0
DA:12,0
DA:14,0
DA:15,0
DA:16,0
DA:17,0
DA:18,0
DA:19,0
DA:22,0
DA:24,0
DA:25,0
DA:46,0
DA:50,0
DA:51,0
DA:57,0
DA:58,0
DA:60,0
DA:62,0
DA:64,0
DA:68,0
DA:69,0
DA:71,0
DA:84,0
DA:89,0
DA:90,0
DA:93,0
LF:27
LH:0
BRDA:57,0,0,0
BRDA:57,0,1,0
BRDA:60,1,0,0
BRDA:60,1,1,0
BRDA:69,2,0,0
BRDA:69,2,1,0
BRDA:89,3,0,0
BRDA:89,3,1,0
BRF:8
BRH:0
end_of_record
TN:
SF:src/infra/http/controllers/auth/delete-user.controller.ts
FN:15,(anonymous_4)
FN:25,(anonymous_5)
FNF:2
FNH:0
FNDA:0,(anonymous_4)
FNDA:0,(anonymous_5)
DA:1,0
DA:9,0
DA:10,0
DA:11,0
DA:14,0
DA:15,0
DA:25,0
DA:26,0
DA:30,0
DA:31,0
DA:33,0
DA:35,0
DA:37,0
DA:41,0
LF:14
LH:0
BRDA:30,0,0,0
BRDA:30,0,1,0
BRDA:33,1,0,0
BRDA:33,1,1,0
BRF:4
BRH:0
end_of_record
TN:
SF:src/infra/http/controllers/auth/list-permissions.controller.ts
FN:20,(anonymous_4)
FN:74,(anonymous_5)
FN:83,(anonymous_6)
FN:88,(anonymous_7)
FNF:4
FNH:0
FNDA:0,(anonymous_4)
FNDA:0,(anonymous_5)
FNDA:0,(anonymous_6)
FNDA:0,(anonymous_7)
DA:1,0
DA:2,0
DA:9,0
DA:10,0
DA:11,0
DA:12,0
DA:13,0
DA:19,0
DA:20,0
DA:74,0
DA:75,0
DA:77,0
DA:80,0
DA:81,0
DA:82,0
DA:83,0
DA:88,0
DA:89,0
DA:90,0
DA:91,0
DA:94,0
LF:21
LH:0
BRDA:81,0,0,0
BRDA:81,0,1,0
BRDA:90,1,0,0
BRDA:90,1,1,0
BRF:4
BRH:0
end_of_record
TN:
SF:src/infra/http/controllers/auth/list-roles.controller.ts
FN:19,(anonymous_2)
FN:61,(anonymous_3)
FNF:2
FNH:0
FNDA:0,(anonymous_2)
FNDA:0,(anonymous_3)
DA:1,0
DA:2,0
DA:8,0
DA:9,0
DA:10,0
DA:11,0
DA:12,0
DA:18,0
DA:19,0
DA:61,0
DA:62,0
DA:65,0
DA:67,0
LF:13
LH:0
BRF:0
BRH:0
end_of_record
TN:
SF:src/infra/http/controllers/auth/remove-role.controller.ts
FN:35,(anonymous_4)
FN:66,(anonymous_5)
FNF:2
FNH:0
FNDA:0,(anonymous_4)
FNDA:0,(anonymous_5)
DA:1,0
DA:10,0
DA:16,0
DA:17,0
DA:18,0
DA:19,0
DA:20,0
DA:34,0
DA:35,0
DA:66,0
DA:67,0
DA:68,0
DA:70,0
DA:75,0
DA:76,0
DA:77,0
DA:80,0
LF:17
LH:0
BRDA:75,0,0,0
BRDA:75,0,1,0
BRF:2
BRH:0
end_of_record
TN:
SF:src/infra/http/controllers/auth/revoke-all-devices.controller.ts
FN:9,(anonymous_4)
FN:16,(anonymous_5)
FNF:2
FNH:0
FNDA:0,(anonymous_4)
FNDA:0,(anonymous_5)
DA:1,0
DA:2,0
DA:3,0
DA:4,0
DA:5,0
DA:8,0
DA:9,0
DA:16,0
DA:17,0
DA:21,0
DA:22,0
DA:24,0
DA:26,0
DA:28,0
DA:32,0
LF:15
LH:0
BRDA:21,0,0,0
BRDA:21,0,1,0
BRDA:24,1,0,0
BRDA:24,1,1,0
BRF:4
BRH:0
end_of_record
TN:
SF:src/infra/http/controllers/auth/revoke-device-session.controller.ts
FN:22,(anonymous_4)
FN:33,(anonymous_5)
FNF:2
FNH:0
FNDA:0,(anonymous_4)
FNDA:0,(anonymous_5)
DA:1,0
DA:11,0
DA:12,0
DA:13,0
DA:14,0
DA:15,0
DA:16,0
DA:17,0
DA:21,0
DA:22,0
DA:33,0
DA:34,0
DA:36,0
DA:41,0
DA:42,0
DA:44,0
DA:46,0
DA:51,0
DA:56,0
DA:63,0
LF:20
LH:0
BRDA:41,0,0,0
BRDA:41,0,1,0
BRDA:44,1,0,0
BRDA:44,1,1,0
BRDA:44,1,2,0
BRF:5
BRH:0
end_of_record
TN:
SF:src/infra/http/controllers/dto/assign-role-dto.ts
FNF:0
FNH:0
DA:1,0
DA:2,0
DA:4,0
DA:11,0
DA:19,0
LF:5
LH:0
BRF:0
BRH:0
end_of_record
TN:
SF:src/infra/http/controllers/dto/authenticate-device-dto.ts
FNF:0
FNH:0
DA:1,0
DA:3,0
DA:6,0
DA:9,0
LF:4
LH:0
BRF:0
BRH:0
end_of_record
TN:
SF:src/infra/http/controllers/dto/create-permission-dto.ts
FNF:0
FNH:0
DA:1,0
DA:2,0
DA:4,0
DA:11,0
DA:19,0
DA:27,0
DA:36,0
LF:7
LH:0
BRF:0
BRH:0
end_of_record
TN:
SF:src/infra/http/controllers/dto/create-role-dto.ts
FNF:0
FNH:0
DA:1,0
DA:2,0
DA:4,0
DA:7,0
DA:12,0
DA:20,0
DA:30,0
LF:7
LH:0
BRF:0
BRH:0
end_of_record
TN:
SF:src/infra/http/controllers/dto/create-user-dto.ts
FNF:0
FNH:0
DA:1,0
DA:3,0
DA:6,0
DA:11,0
DA:15,0
LF:5
LH:0
BRF:0
BRH:0
end_of_record
TN:
SF:src/infra/http/controllers/dto/get-user-by-email-dto.ts
FNF:0
FNH:0
DA:1,0
DA:3,0
DA:6,0
LF:3
LH:0
BRF:0
BRH:0
end_of_record
TN:
SF:src/infra/http/controllers/dto/get-user-by-id-dto.ts
FNF:0
FNH:0
DA:1,0
DA:3,0
DA:6,0
LF:3
LH:0
BRF:0
BRH:0
end_of_record
TN:
SF:src/infra/http/controllers/dto/refresh-access-token-dto.ts
FNF:0
FNH:0
DA:1,0
DA:3,0
DA:6,0
LF:3
LH:0
BRF:0
BRH:0
end_of_record
TN:
SF:src/infra/http/controllers/dto/remove-role-dto.ts
FNF:0
FNH:0
DA:1,0
DA:2,0
DA:4,0
DA:11,0
DA:19,0
LF:5
LH:0
BRF:0
BRH:0
end_of_record
TN:
SF:src/infra/http/controllers/dto/revoke-device-dto.ts
FNF:0
FNH:0
DA:1,0
DA:3,0
DA:6,0
LF:3
LH:0
BRF:0
BRH:0
end_of_record
TN:
SF:src/infra/http/presenters/access-token-presenter.ts
FN:4,(anonymous_0)
FNF:1
FNH:0
FNDA:0,(anonymous_0)
DA:3,0
DA:5,0
LF:2
LH:0
BRF:0
BRH:0
end_of_record
TN:
SF:src/infra/http/presenters/device-presenter.ts
FN:5,(anonymous_0)
FNF:1
FNH:0
FNDA:0,(anonymous_0)
DA:1,0
DA:4,0
DA:6,0
LF:3
LH:0
BRDA:9,0,0,0
BRDA:9,0,1,0
BRF:2
BRH:0
end_of_record
TN:
SF:src/infra/http/presenters/list-user-presenter.ts
FN:4,(anonymous_0)
FN:13,(anonymous_1)
FN:24,(anonymous_2)
FNF:3
FNH:0
FNDA:0,(anonymous_0)
FNDA:0,(anonymous_1)
FNDA:0,(anonymous_2)
DA:3,0
DA:5,0
DA:14,0
DA:25,0
LF:4
LH:0
BRF:0
BRH:0
end_of_record
TN:
SF:src/infra/http/presenters/permission-presenter.ts
FN:4,(anonymous_0)
FN:17,(anonymous_1)
FN:18,(anonymous_2)
FNF:3
FNH:0
FNDA:0,(anonymous_0)
FNDA:0,(anonymous_1)
FNDA:0,(anonymous_2)
DA:3,0
DA:5,0
DA:18,0
LF:3
LH:0
BRF:0
BRH:0
end_of_record
TN:
SF:src/infra/http/presenters/refresh-token-presenter.ts
FN:4,(anonymous_0)
FNF:1
FNH:0
FNDA:0,(anonymous_0)
DA:3,0
DA:5,0
LF:2
LH:0
BRF:0
BRH:0
end_of_record
TN:
SF:src/infra/http/presenters/role-presenter.ts
FN:4,(anonymous_0)
FN:17,(anonymous_1)
FN:18,(anonymous_2)
FNF:3
FNH:0
FNDA:0,(anonymous_0)
FNDA:0,(anonymous_1)
FNDA:0,(anonymous_2)
DA:3,0
DA:5,0
DA:18,0
LF:3
LH:0
BRF:0
BRH:0
end_of_record
